{"/home/hb404/work/myself/trade-data-generator/src/core/candleManager.js": {"path":"/home/hb404/work/myself/trade-data-generator/src/core/candleManager.js","statementMap":{"0":{"start":{"line":16,"column":18},"end":{"line":24,"column":1}},"1":{"start":{"line":35,"column":4},"end":{"line":35,"column":43}},"2":{"start":{"line":36,"column":4},"end":{"line":36,"column":48}},"3":{"start":{"line":37,"column":4},"end":{"line":37,"column":42}},"4":{"start":{"line":40,"column":22},"end":{"line":44,"column":14}},"5":{"start":{"line":47,"column":4},"end":{"line":53,"column":7}},"6":{"start":{"line":48,"column":6},"end":{"line":51,"column":7}},"7":{"start":{"line":49,"column":8},"end":{"line":49,"column":75}},"8":{"start":{"line":50,"column":8},"end":{"line":50,"column":21}},"9":{"start":{"line":52,"column":6},"end":{"line":52,"column":18}},"10":{"start":{"line":57,"column":4},"end":{"line":57,"column":21}},"11":{"start":{"line":58,"column":4},"end":{"line":64,"column":7}},"12":{"start":{"line":59,"column":6},"end":{"line":63,"column":8}},"13":{"start":{"line":79,"column":20},"end":{"line":79,"column":22}},"14":{"start":{"line":80,"column":19},"end":{"line":80,"column":21}},"15":{"start":{"line":82,"column":4},"end":{"line":121,"column":7}},"16":{"start":{"line":83,"column":20},"end":{"line":83,"column":41}},"17":{"start":{"line":84,"column":25},"end":{"line":84,"column":41}},"18":{"start":{"line":87,"column":26},"end":{"line":87,"column":73}},"19":{"start":{"line":88,"column":24},"end":{"line":88,"column":48}},"20":{"start":{"line":90,"column":6},"end":{"line":118,"column":7}},"21":{"start":{"line":92,"column":8},"end":{"line":98,"column":10}},"22":{"start":{"line":99,"column":13},"end":{"line":118,"column":7}},"23":{"start":{"line":101,"column":30},"end":{"line":101,"column":64}},"24":{"start":{"line":102,"column":8},"end":{"line":102,"column":35}},"25":{"start":{"line":105,"column":8},"end":{"line":105,"column":54}},"26":{"start":{"line":105,"column":26},"end":{"line":105,"column":54}},"27":{"start":{"line":108,"column":8},"end":{"line":114,"column":10}},"28":{"start":{"line":117,"column":8},"end":{"line":117,"column":57}},"29":{"start":{"line":120,"column":6},"end":{"line":120,"column":47}},"30":{"start":{"line":123,"column":4},"end":{"line":123,"column":31}},"31":{"start":{"line":133,"column":18},"end":{"line":133,"column":39}},"32":{"start":{"line":134,"column":4},"end":{"line":137,"column":5}},"33":{"start":{"line":135,"column":6},"end":{"line":135,"column":69}},"34":{"start":{"line":136,"column":6},"end":{"line":136,"column":16}},"35":{"start":{"line":139,"column":20},"end":{"line":139,"column":33}},"36":{"start":{"line":140,"column":4},"end":{"line":140,"column":56}},"37":{"start":{"line":149,"column":18},"end":{"line":149,"column":39}},"38":{"start":{"line":150,"column":4},"end":{"line":150,"column":28}},"39":{"start":{"line":150,"column":16},"end":{"line":150,"column":28}},"40":{"start":{"line":151,"column":4},"end":{"line":151,"column":55}},"41":{"start":{"line":159,"column":19},"end":{"line":159,"column":21}},"42":{"start":{"line":160,"column":4},"end":{"line":162,"column":7}},"43":{"start":{"line":161,"column":6},"end":{"line":161,"column":51}},"44":{"start":{"line":163,"column":4},"end":{"line":163,"column":18}},"45":{"start":{"line":170,"column":4},"end":{"line":173,"column":7}},"46":{"start":{"line":171,"column":6},"end":{"line":171,"column":43}},"47":{"start":{"line":172,"column":6},"end":{"line":172,"column":41}},"48":{"start":{"line":182,"column":4},"end":{"line":193,"column":6}},"49":{"start":{"line":200,"column":20},"end":{"line":200,"column":38}},"50":{"start":{"line":201,"column":4},"end":{"line":201,"column":53}},"51":{"start":{"line":201,"column":31},"end":{"line":201,"column":53}},"52":{"start":{"line":202,"column":4},"end":{"line":202,"column":51}},"53":{"start":{"line":202,"column":30},"end":{"line":202,"column":51}},"54":{"start":{"line":203,"column":4},"end":{"line":203,"column":27}},"55":{"start":{"line":204,"column":4},"end":{"line":204,"column":28}},"56":{"start":{"line":205,"column":4},"end":{"line":205,"column":22}},"57":{"start":{"line":212,"column":19},"end":{"line":212,"column":32}},"58":{"start":{"line":213,"column":4},"end":{"line":213,"column":25}},"59":{"start":{"line":214,"column":4},"end":{"line":214,"column":45}},"60":{"start":{"line":215,"column":4},"end":{"line":215,"column":47}},"61":{"start":{"line":218,"column":4},"end":{"line":218,"column":31}},"62":{"start":{"line":221,"column":4},"end":{"line":223,"column":5}},"63":{"start":{"line":222,"column":6},"end":{"line":222,"column":28}},"64":{"start":{"line":225,"column":4},"end":{"line":225,"column":25}},"65":{"start":{"line":226,"column":4},"end":{"line":226,"column":18}},"66":{"start":{"line":233,"column":4},"end":{"line":233,"column":53}},"67":{"start":{"line":237,"column":0},"end":{"line":237,"column":46}}},"fnMap":{"0":{"name":"(anonymous_0)","decl":{"start":{"line":34,"column":2},"end":{"line":34,"column":3}},"loc":{"start":{"line":34,"column":27},"end":{"line":65,"column":3}},"line":34},"1":{"name":"(anonymous_1)","decl":{"start":{"line":47,"column":38},"end":{"line":47,"column":39}},"loc":{"start":{"line":47,"column":45},"end":{"line":53,"column":5}},"line":47},"2":{"name":"(anonymous_2)","decl":{"start":{"line":58,"column":27},"end":{"line":58,"column":28}},"loc":{"start":{"line":58,"column":41},"end":{"line":64,"column":5}},"line":58},"3":{"name":"(anonymous_3)","decl":{"start":{"line":78,"column":2},"end":{"line":78,"column":3}},"loc":{"start":{"line":78,"column":46},"end":{"line":124,"column":3}},"line":78},"4":{"name":"(anonymous_4)","decl":{"start":{"line":82,"column":27},"end":{"line":82,"column":28}},"loc":{"start":{"line":82,"column":41},"end":{"line":121,"column":5}},"line":82},"5":{"name":"(anonymous_5)","decl":{"start":{"line":132,"column":2},"end":{"line":132,"column":3}},"loc":{"start":{"line":132,"column":30},"end":{"line":141,"column":3}},"line":132},"6":{"name":"(anonymous_6)","decl":{"start":{"line":148,"column":2},"end":{"line":148,"column":3}},"loc":{"start":{"line":148,"column":23},"end":{"line":152,"column":3}},"line":148},"7":{"name":"(anonymous_7)","decl":{"start":{"line":158,"column":2},"end":{"line":158,"column":3}},"loc":{"start":{"line":158,"column":18},"end":{"line":164,"column":3}},"line":158},"8":{"name":"(anonymous_8)","decl":{"start":{"line":160,"column":27},"end":{"line":160,"column":28}},"loc":{"start":{"line":160,"column":41},"end":{"line":162,"column":5}},"line":160},"9":{"name":"(anonymous_9)","decl":{"start":{"line":169,"column":2},"end":{"line":169,"column":3}},"loc":{"start":{"line":169,"column":10},"end":{"line":174,"column":3}},"line":169},"10":{"name":"(anonymous_10)","decl":{"start":{"line":170,"column":27},"end":{"line":170,"column":28}},"loc":{"start":{"line":170,"column":41},"end":{"line":173,"column":5}},"line":170},"11":{"name":"(anonymous_11)","decl":{"start":{"line":181,"column":2},"end":{"line":181,"column":3}},"loc":{"start":{"line":181,"column":60},"end":{"line":194,"column":3}},"line":181},"12":{"name":"(anonymous_12)","decl":{"start":{"line":199,"column":2},"end":{"line":199,"column":3}},"loc":{"start":{"line":199,"column":39},"end":{"line":206,"column":3}},"line":199},"13":{"name":"(anonymous_13)","decl":{"start":{"line":211,"column":2},"end":{"line":211,"column":3}},"loc":{"start":{"line":211,"column":32},"end":{"line":227,"column":3}},"line":211},"14":{"name":"(anonymous_14)","decl":{"start":{"line":232,"column":2},"end":{"line":232,"column":3}},"loc":{"start":{"line":232,"column":16},"end":{"line":234,"column":3}},"line":232}},"branchMap":{"0":{"loc":{"start":{"line":34,"column":14},"end":{"line":34,"column":25}},"type":"default-arg","locations":[{"start":{"line":34,"column":23},"end":{"line":34,"column":25}}],"line":34},"1":{"loc":{"start":{"line":35,"column":21},"end":{"line":35,"column":42}},"type":"binary-expr","locations":[{"start":{"line":35,"column":21},"end":{"line":35,"column":37}},{"start":{"line":35,"column":41},"end":{"line":35,"column":42}}],"line":35},"2":{"loc":{"start":{"line":36,"column":22},"end":{"line":36,"column":47}},"type":"binary-expr","locations":[{"start":{"line":36,"column":22},"end":{"line":36,"column":39}},{"start":{"line":36,"column":43},"end":{"line":36,"column":47}}],"line":36},"3":{"loc":{"start":{"line":37,"column":19},"end":{"line":37,"column":41}},"type":"binary-expr","locations":[{"start":{"line":37,"column":19},"end":{"line":37,"column":33}},{"start":{"line":37,"column":37},"end":{"line":37,"column":41}}],"line":37},"4":{"loc":{"start":{"line":40,"column":22},"end":{"line":44,"column":14}},"type":"cond-expr","locations":[{"start":{"line":41,"column":8},"end":{"line":43,"column":28}},{"start":{"line":44,"column":8},"end":{"line":44,"column":14}}],"line":40},"5":{"loc":{"start":{"line":41,"column":8},"end":{"line":43,"column":28}},"type":"cond-expr","locations":[{"start":{"line":42,"column":10},"end":{"line":42,"column":26}},{"start":{"line":43,"column":10},"end":{"line":43,"column":28}}],"line":41},"6":{"loc":{"start":{"line":48,"column":6},"end":{"line":51,"column":7}},"type":"if","locations":[{"start":{"line":48,"column":6},"end":{"line":51,"column":7}},{"start":{},"end":{}}],"line":48},"7":{"loc":{"start":{"line":78,"column":22},"end":{"line":78,"column":44}},"type":"default-arg","locations":[{"start":{"line":78,"column":34},"end":{"line":78,"column":44}}],"line":78},"8":{"loc":{"start":{"line":90,"column":6},"end":{"line":118,"column":7}},"type":"if","locations":[{"start":{"line":90,"column":6},"end":{"line":118,"column":7}},{"start":{"line":99,"column":13},"end":{"line":118,"column":7}}],"line":90},"9":{"loc":{"start":{"line":99,"column":13},"end":{"line":118,"column":7}},"type":"if","locations":[{"start":{"line":99,"column":13},"end":{"line":118,"column":7}},{"start":{"line":115,"column":13},"end":{"line":118,"column":7}}],"line":99},"10":{"loc":{"start":{"line":105,"column":8},"end":{"line":105,"column":54}},"type":"if","locations":[{"start":{"line":105,"column":8},"end":{"line":105,"column":54}},{"start":{},"end":{}}],"line":105},"11":{"loc":{"start":{"line":134,"column":4},"end":{"line":137,"column":5}},"type":"if","locations":[{"start":{"line":134,"column":4},"end":{"line":137,"column":5}},{"start":{},"end":{}}],"line":134},"12":{"loc":{"start":{"line":140,"column":11},"end":{"line":140,"column":55}},"type":"cond-expr","locations":[{"start":{"line":140,"column":19},"end":{"line":140,"column":40}},{"start":{"line":140,"column":43},"end":{"line":140,"column":55}}],"line":140},"13":{"loc":{"start":{"line":150,"column":4},"end":{"line":150,"column":28}},"type":"if","locations":[{"start":{"line":150,"column":4},"end":{"line":150,"column":28}},{"start":{},"end":{}}],"line":150},"14":{"loc":{"start":{"line":151,"column":11},"end":{"line":151,"column":54}},"type":"cond-expr","locations":[{"start":{"line":151,"column":27},"end":{"line":151,"column":47}},{"start":{"line":151,"column":50},"end":{"line":151,"column":54}}],"line":151},"15":{"loc":{"start":{"line":201,"column":4},"end":{"line":201,"column":53}},"type":"if","locations":[{"start":{"line":201,"column":4},"end":{"line":201,"column":53}},{"start":{},"end":{}}],"line":201},"16":{"loc":{"start":{"line":202,"column":4},"end":{"line":202,"column":51}},"type":"if","locations":[{"start":{"line":202,"column":4},"end":{"line":202,"column":51}},{"start":{},"end":{}}],"line":202},"17":{"loc":{"start":{"line":221,"column":4},"end":{"line":223,"column":5}},"type":"if","locations":[{"start":{"line":221,"column":4},"end":{"line":223,"column":5}},{"start":{},"end":{}}],"line":221}},"s":{"0":2,"1":39,"2":39,"3":39,"4":39,"5":39,"6":44,"7":1,"8":1,"9":43,"10":39,"11":39,"12":43,"13":89,"14":89,"15":89,"16":89,"17":89,"18":89,"19":89,"20":89,"21":30,"22":59,"23":19,"24":19,"25":19,"26":2,"27":19,"28":40,"29":89,"30":89,"31":13,"32":13,"33":1,"34":1,"35":12,"36":12,"37":20,"38":20,"39":1,"40":19,"41":2,"42":2,"43":4,"44":2,"45":3,"46":3,"47":3,"48":49,"49":40,"50":40,"51":15,"52":40,"53":13,"54":40,"55":40,"56":40,"57":19,"58":19,"59":19,"60":19,"61":19,"62":19,"63":1,"64":19,"65":19,"66":274,"67":2},"f":{"0":39,"1":44,"2":43,"3":89,"4":89,"5":13,"6":20,"7":2,"8":4,"9":3,"10":3,"11":49,"12":40,"13":19,"14":274},"b":{"0":[0],"1":[39,0],"2":[39,3],"3":[39,37],"4":[38,1],"5":[38,0],"6":[1,43],"7":[0],"8":[30,59],"9":[19,40],"10":[2,17],"11":[1,12],"12":[1,11],"13":[1,19],"14":[16,3],"15":[15,25],"16":[13,27],"17":[1,18]},"_coverageSchema":"1a1c01bbd47fc00a2c39e90264f33305004495a9","hash":"3ec5aaa1bbe255ae861bc89b148969180ad47332"}
,"/home/hb404/work/myself/trade-data-generator/src/core/marketClock.js": {"path":"/home/hb404/work/myself/trade-data-generator/src/core/marketClock.js","statementMap":{"0":{"start":{"line":18,"column":21},"end":{"line":22,"column":1}},"1":{"start":{"line":38,"column":4},"end":{"line":38,"column":51}},"2":{"start":{"line":39,"column":4},"end":{"line":39,"column":50}},"3":{"start":{"line":40,"column":4},"end":{"line":40,"column":40}},"4":{"start":{"line":41,"column":4},"end":{"line":41,"column":42}},"5":{"start":{"line":44,"column":4},"end":{"line":44,"column":25}},"6":{"start":{"line":45,"column":4},"end":{"line":45,"column":28}},"7":{"start":{"line":48,"column":4},"end":{"line":53,"column":5}},"8":{"start":{"line":49,"column":6},"end":{"line":52,"column":8}},"9":{"start":{"line":55,"column":4},"end":{"line":62,"column":5}},"10":{"start":{"line":56,"column":6},"end":{"line":56,"column":50}},"11":{"start":{"line":59,"column":6},"end":{"line":61,"column":7}},"12":{"start":{"line":60,"column":8},"end":{"line":60,"column":48}},"13":{"start":{"line":71,"column":4},"end":{"line":74,"column":5}},"14":{"start":{"line":72,"column":6},"end":{"line":72,"column":26}},"15":{"start":{"line":73,"column":6},"end":{"line":73,"column":13}},"16":{"start":{"line":77,"column":4},"end":{"line":77,"column":24}},"17":{"start":{"line":80,"column":4},"end":{"line":82,"column":18}},"18":{"start":{"line":81,"column":6},"end":{"line":81,"column":26}},"19":{"start":{"line":89,"column":4},"end":{"line":92,"column":5}},"20":{"start":{"line":90,"column":6},"end":{"line":90,"column":38}},"21":{"start":{"line":91,"column":6},"end":{"line":91,"column":30}},"22":{"start":{"line":93,"column":4},"end":{"line":93,"column":25}},"23":{"start":{"line":102,"column":4},"end":{"line":102,"column":55}},"24":{"start":{"line":102,"column":43},"end":{"line":102,"column":55}},"25":{"start":{"line":103,"column":4},"end":{"line":103,"column":24}},"26":{"start":{"line":111,"column":4},"end":{"line":119,"column":5}},"27":{"start":{"line":112,"column":6},"end":{"line":118,"column":8}},"28":{"start":{"line":121,"column":16},"end":{"line":121,"column":38}},"29":{"start":{"line":122,"column":38},"end":{"line":122,"column":54}},"30":{"start":{"line":124,"column":4},"end":{"line":133,"column":6}},"31":{"start":{"line":141,"column":4},"end":{"line":141,"column":32}},"32":{"start":{"line":141,"column":23},"end":{"line":141,"column":32}},"33":{"start":{"line":143,"column":16},"end":{"line":143,"column":26}},"34":{"start":{"line":144,"column":31},"end":{"line":144,"column":47}},"35":{"start":{"line":145,"column":19},"end":{"line":145,"column":46}},"36":{"start":{"line":148,"column":21},"end":{"line":150,"column":5}},"37":{"start":{"line":151,"column":4},"end":{"line":151,"column":34}},"38":{"start":{"line":153,"column":15},"end":{"line":153,"column":49}},"39":{"start":{"line":154,"column":4},"end":{"line":154,"column":46}},"40":{"start":{"line":154,"column":18},"end":{"line":154,"column":46}},"41":{"start":{"line":155,"column":4},"end":{"line":155,"column":16}},"42":{"start":{"line":165,"column":16},"end":{"line":165,"column":38}},"43":{"start":{"line":166,"column":20},"end":{"line":166,"column":32}},"44":{"start":{"line":167,"column":25},"end":{"line":167,"column":48}},"45":{"start":{"line":169,"column":4},"end":{"line":169,"column":32}},"46":{"start":{"line":172,"column":4},"end":{"line":190,"column":5}},"47":{"start":{"line":173,"column":6},"end":{"line":180,"column":7}},"48":{"start":{"line":174,"column":8},"end":{"line":179,"column":11}},"49":{"start":{"line":181,"column":11},"end":{"line":190,"column":5}},"50":{"start":{"line":182,"column":6},"end":{"line":189,"column":7}},"51":{"start":{"line":183,"column":8},"end":{"line":188,"column":11}},"52":{"start":{"line":198,"column":21},"end":{"line":198,"column":37}},"53":{"start":{"line":201,"column":4},"end":{"line":201,"column":46}},"54":{"start":{"line":201,"column":33},"end":{"line":201,"column":46}},"55":{"start":{"line":204,"column":28},"end":{"line":204,"column":44}},"56":{"start":{"line":205,"column":27},"end":{"line":205,"column":54}},"57":{"start":{"line":206,"column":29},"end":{"line":206,"column":57}},"58":{"start":{"line":208,"column":21},"end":{"line":208,"column":39}},"59":{"start":{"line":209,"column":22},"end":{"line":209,"column":42}},"60":{"start":{"line":210,"column":20},"end":{"line":210,"column":48}},"61":{"start":{"line":212,"column":4},"end":{"line":212,"column":54}},"62":{"start":{"line":221,"column":21},"end":{"line":221,"column":56}},"63":{"start":{"line":222,"column":16},"end":{"line":222,"column":26}},"64":{"start":{"line":225,"column":22},"end":{"line":231,"column":6}},"65":{"start":{"line":233,"column":18},"end":{"line":233,"column":46}},"66":{"start":{"line":234,"column":16},"end":{"line":234,"column":67}},"67":{"start":{"line":234,"column":26},"end":{"line":234,"column":67}},"68":{"start":{"line":234,"column":44},"end":{"line":234,"column":59}},"69":{"start":{"line":236,"column":18},"end":{"line":236,"column":43}},"70":{"start":{"line":237,"column":20},"end":{"line":237,"column":47}},"71":{"start":{"line":238,"column":20},"end":{"line":238,"column":34}},"72":{"start":{"line":241,"column":19},"end":{"line":241,"column":77}},"73":{"start":{"line":242,"column":16},"end":{"line":242,"column":36}},"74":{"start":{"line":244,"column":4},"end":{"line":249,"column":6}},"75":{"start":{"line":256,"column":34},"end":{"line":256,"column":50}},"76":{"start":{"line":258,"column":4},"end":{"line":260,"column":5}},"77":{"start":{"line":259,"column":6},"end":{"line":259,"column":58}},"78":{"start":{"line":262,"column":27},"end":{"line":262,"column":54}},"79":{"start":{"line":263,"column":29},"end":{"line":263,"column":57}},"80":{"start":{"line":264,"column":21},"end":{"line":264,"column":39}},"81":{"start":{"line":265,"column":22},"end":{"line":265,"column":42}},"82":{"start":{"line":266,"column":20},"end":{"line":266,"column":48}},"83":{"start":{"line":268,"column":4},"end":{"line":268,"column":61}},"84":{"start":{"line":268,"column":28},"end":{"line":268,"column":61}},"85":{"start":{"line":269,"column":4},"end":{"line":269,"column":65}},"86":{"start":{"line":269,"column":30},"end":{"line":269,"column":65}},"87":{"start":{"line":270,"column":4},"end":{"line":270,"column":28}},"88":{"start":{"line":277,"column":4},"end":{"line":282,"column":5}},"89":{"start":{"line":278,"column":6},"end":{"line":281,"column":8}},"90":{"start":{"line":285,"column":22},"end":{"line":285,"column":37}},"91":{"start":{"line":286,"column":4},"end":{"line":291,"column":5}},"92":{"start":{"line":287,"column":6},"end":{"line":290,"column":8}},"93":{"start":{"line":294,"column":4},"end":{"line":301,"column":5}},"94":{"start":{"line":295,"column":6},"end":{"line":295,"column":65}},"95":{"start":{"line":297,"column":6},"end":{"line":300,"column":8}},"96":{"start":{"line":305,"column":0},"end":{"line":305,"column":47}}},"fnMap":{"0":{"name":"(anonymous_0)","decl":{"start":{"line":37,"column":2},"end":{"line":37,"column":3}},"loc":{"start":{"line":37,"column":27},"end":{"line":63,"column":3}},"line":37},"1":{"name":"(anonymous_1)","decl":{"start":{"line":69,"column":2},"end":{"line":69,"column":3}},"loc":{"start":{"line":69,"column":10},"end":{"line":83,"column":3}},"line":69},"2":{"name":"(anonymous_2)","decl":{"start":{"line":80,"column":35},"end":{"line":80,"column":36}},"loc":{"start":{"line":80,"column":41},"end":{"line":82,"column":5}},"line":80},"3":{"name":"(anonymous_3)","decl":{"start":{"line":88,"column":2},"end":{"line":88,"column":3}},"loc":{"start":{"line":88,"column":9},"end":{"line":94,"column":3}},"line":88},"4":{"name":"(anonymous_4)","decl":{"start":{"line":100,"column":2},"end":{"line":100,"column":3}},"loc":{"start":{"line":100,"column":11},"end":{"line":104,"column":3}},"line":100},"5":{"name":"(anonymous_5)","decl":{"start":{"line":110,"column":2},"end":{"line":110,"column":3}},"loc":{"start":{"line":110,"column":14},"end":{"line":134,"column":3}},"line":110},"6":{"name":"(anonymous_6)","decl":{"start":{"line":140,"column":2},"end":{"line":140,"column":3}},"loc":{"start":{"line":140,"column":16},"end":{"line":156,"column":3}},"line":140},"7":{"name":"(anonymous_7)","decl":{"start":{"line":164,"column":2},"end":{"line":164,"column":3}},"loc":{"start":{"line":164,"column":17},"end":{"line":191,"column":3}},"line":164},"8":{"name":"(anonymous_8)","decl":{"start":{"line":197,"column":2},"end":{"line":197,"column":3}},"loc":{"start":{"line":197,"column":21},"end":{"line":213,"column":3}},"line":197},"9":{"name":"(anonymous_9)","decl":{"start":{"line":220,"column":2},"end":{"line":220,"column":3}},"loc":{"start":{"line":220,"column":20},"end":{"line":250,"column":3}},"line":220},"10":{"name":"(anonymous_10)","decl":{"start":{"line":234,"column":16},"end":{"line":234,"column":17}},"loc":{"start":{"line":234,"column":26},"end":{"line":234,"column":67}},"line":234},"11":{"name":"(anonymous_11)","decl":{"start":{"line":234,"column":37},"end":{"line":234,"column":38}},"loc":{"start":{"line":234,"column":44},"end":{"line":234,"column":59}},"line":234},"12":{"name":"(anonymous_12)","decl":{"start":{"line":255,"column":2},"end":{"line":255,"column":3}},"loc":{"start":{"line":255,"column":24},"end":{"line":271,"column":3}},"line":255},"13":{"name":"(anonymous_13)","decl":{"start":{"line":276,"column":2},"end":{"line":276,"column":3}},"loc":{"start":{"line":276,"column":30},"end":{"line":302,"column":3}},"line":276}},"branchMap":{"0":{"loc":{"start":{"line":37,"column":14},"end":{"line":37,"column":25}},"type":"default-arg","locations":[{"start":{"line":37,"column":23},"end":{"line":37,"column":25}}],"line":37},"1":{"loc":{"start":{"line":38,"column":16},"end":{"line":38,"column":50}},"type":"binary-expr","locations":[{"start":{"line":38,"column":16},"end":{"line":38,"column":27}},{"start":{"line":38,"column":31},"end":{"line":38,"column":50}}],"line":38},"2":{"loc":{"start":{"line":39,"column":23},"end":{"line":39,"column":49}},"type":"binary-expr","locations":[{"start":{"line":39,"column":23},"end":{"line":39,"column":41}},{"start":{"line":39,"column":45},"end":{"line":39,"column":49}}],"line":39},"3":{"loc":{"start":{"line":40,"column":18},"end":{"line":40,"column":39}},"type":"binary-expr","locations":[{"start":{"line":40,"column":18},"end":{"line":40,"column":31}},{"start":{"line":40,"column":35},"end":{"line":40,"column":39}}],"line":40},"4":{"loc":{"start":{"line":41,"column":19},"end":{"line":41,"column":41}},"type":"binary-expr","locations":[{"start":{"line":41,"column":19},"end":{"line":41,"column":33}},{"start":{"line":41,"column":37},"end":{"line":41,"column":41}}],"line":41},"5":{"loc":{"start":{"line":48,"column":4},"end":{"line":53,"column":5}},"type":"if","locations":[{"start":{"line":48,"column":4},"end":{"line":53,"column":5}},{"start":{},"end":{}}],"line":48},"6":{"loc":{"start":{"line":48,"column":8},"end":{"line":48,"column":62}},"type":"binary-expr","locations":[{"start":{"line":48,"column":8},"end":{"line":48,"column":41}},{"start":{"line":48,"column":45},"end":{"line":48,"column":62}}],"line":48},"7":{"loc":{"start":{"line":55,"column":4},"end":{"line":62,"column":5}},"type":"if","locations":[{"start":{"line":55,"column":4},"end":{"line":62,"column":5}},{"start":{},"end":{}}],"line":55},"8":{"loc":{"start":{"line":59,"column":6},"end":{"line":61,"column":7}},"type":"if","locations":[{"start":{"line":59,"column":6},"end":{"line":61,"column":7}},{"start":{},"end":{}}],"line":59},"9":{"loc":{"start":{"line":71,"column":4},"end":{"line":74,"column":5}},"type":"if","locations":[{"start":{"line":71,"column":4},"end":{"line":74,"column":5}},{"start":{},"end":{}}],"line":71},"10":{"loc":{"start":{"line":89,"column":4},"end":{"line":92,"column":5}},"type":"if","locations":[{"start":{"line":89,"column":4},"end":{"line":92,"column":5}},{"start":{},"end":{}}],"line":89},"11":{"loc":{"start":{"line":102,"column":4},"end":{"line":102,"column":55}},"type":"if","locations":[{"start":{"line":102,"column":4},"end":{"line":102,"column":55}},{"start":{},"end":{}}],"line":102},"12":{"loc":{"start":{"line":111,"column":4},"end":{"line":119,"column":5}},"type":"if","locations":[{"start":{"line":111,"column":4},"end":{"line":119,"column":5}},{"start":{},"end":{}}],"line":111},"13":{"loc":{"start":{"line":141,"column":4},"end":{"line":141,"column":32}},"type":"if","locations":[{"start":{"line":141,"column":4},"end":{"line":141,"column":32}},{"start":{},"end":{}}],"line":141},"14":{"loc":{"start":{"line":154,"column":4},"end":{"line":154,"column":46}},"type":"if","locations":[{"start":{"line":154,"column":4},"end":{"line":154,"column":46}},{"start":{},"end":{}}],"line":154},"15":{"loc":{"start":{"line":172,"column":4},"end":{"line":190,"column":5}},"type":"if","locations":[{"start":{"line":172,"column":4},"end":{"line":190,"column":5}},{"start":{"line":181,"column":11},"end":{"line":190,"column":5}}],"line":172},"16":{"loc":{"start":{"line":172,"column":8},"end":{"line":172,"column":32}},"type":"binary-expr","locations":[{"start":{"line":172,"column":8},"end":{"line":172,"column":16}},{"start":{"line":172,"column":20},"end":{"line":172,"column":32}}],"line":172},"17":{"loc":{"start":{"line":173,"column":6},"end":{"line":180,"column":7}},"type":"if","locations":[{"start":{"line":173,"column":6},"end":{"line":180,"column":7}},{"start":{},"end":{}}],"line":173},"18":{"loc":{"start":{"line":181,"column":11},"end":{"line":190,"column":5}},"type":"if","locations":[{"start":{"line":181,"column":11},"end":{"line":190,"column":5}},{"start":{},"end":{}}],"line":181},"19":{"loc":{"start":{"line":181,"column":15},"end":{"line":181,"column":39}},"type":"binary-expr","locations":[{"start":{"line":181,"column":15},"end":{"line":181,"column":22}},{"start":{"line":181,"column":26},"end":{"line":181,"column":39}}],"line":181},"20":{"loc":{"start":{"line":182,"column":6},"end":{"line":189,"column":7}},"type":"if","locations":[{"start":{"line":182,"column":6},"end":{"line":189,"column":7}},{"start":{},"end":{}}],"line":182},"21":{"loc":{"start":{"line":201,"column":4},"end":{"line":201,"column":46}},"type":"if","locations":[{"start":{"line":201,"column":4},"end":{"line":201,"column":46}},{"start":{},"end":{}}],"line":201},"22":{"loc":{"start":{"line":212,"column":11},"end":{"line":212,"column":53}},"type":"binary-expr","locations":[{"start":{"line":212,"column":11},"end":{"line":212,"column":30}},{"start":{"line":212,"column":34},"end":{"line":212,"column":53}}],"line":212},"23":{"loc":{"start":{"line":221,"column":21},"end":{"line":221,"column":56}},"type":"binary-expr","locations":[{"start":{"line":221,"column":21},"end":{"line":221,"column":47}},{"start":{"line":221,"column":51},"end":{"line":221,"column":56}}],"line":221},"24":{"loc":{"start":{"line":242,"column":16},"end":{"line":242,"column":36}},"type":"binary-expr","locations":[{"start":{"line":242,"column":16},"end":{"line":242,"column":31}},{"start":{"line":242,"column":35},"end":{"line":242,"column":36}}],"line":242},"25":{"loc":{"start":{"line":258,"column":4},"end":{"line":260,"column":5}},"type":"if","locations":[{"start":{"line":258,"column":4},"end":{"line":260,"column":5}},{"start":{},"end":{}}],"line":258},"26":{"loc":{"start":{"line":268,"column":4},"end":{"line":268,"column":61}},"type":"if","locations":[{"start":{"line":268,"column":4},"end":{"line":268,"column":61}},{"start":{},"end":{}}],"line":268},"27":{"loc":{"start":{"line":269,"column":4},"end":{"line":269,"column":65}},"type":"if","locations":[{"start":{"line":269,"column":4},"end":{"line":269,"column":65}},{"start":{},"end":{}}],"line":269},"28":{"loc":{"start":{"line":277,"column":4},"end":{"line":282,"column":5}},"type":"if","locations":[{"start":{"line":277,"column":4},"end":{"line":282,"column":5}},{"start":{},"end":{}}],"line":277},"29":{"loc":{"start":{"line":277,"column":8},"end":{"line":277,"column":54}},"type":"binary-expr","locations":[{"start":{"line":277,"column":8},"end":{"line":277,"column":19}},{"start":{"line":277,"column":23},"end":{"line":277,"column":35}},{"start":{"line":277,"column":39},"end":{"line":277,"column":54}}],"line":277},"30":{"loc":{"start":{"line":286,"column":4},"end":{"line":291,"column":5}},"type":"if","locations":[{"start":{"line":286,"column":4},"end":{"line":291,"column":5}},{"start":{},"end":{}}],"line":286},"31":{"loc":{"start":{"line":286,"column":8},"end":{"line":286,"column":67}},"type":"binary-expr","locations":[{"start":{"line":286,"column":8},"end":{"line":286,"column":35}},{"start":{"line":286,"column":39},"end":{"line":286,"column":67}}],"line":286}},"s":{"0":2,"1":39,"2":39,"3":39,"4":39,"5":39,"6":39,"7":39,"8":2,"9":37,"10":27,"11":21,"12":1,"13":11,"14":3,"15":3,"16":8,"17":8,"18":0,"19":11,"20":7,"21":7,"22":11,"23":9,"24":5,"25":4,"26":8,"27":3,"28":5,"29":5,"30":5,"31":3,"32":1,"33":2,"34":2,"35":2,"36":2,"37":2,"38":2,"39":2,"40":2,"41":2,"42":8,"43":8,"44":8,"45":8,"46":8,"47":0,"48":0,"49":8,"50":0,"51":0,"52":8,"53":8,"54":0,"55":8,"56":8,"57":8,"58":8,"59":8,"60":8,"61":8,"62":13,"63":13,"64":13,"65":13,"66":13,"67":39,"68":117,"69":13,"70":13,"71":13,"72":13,"73":13,"74":13,"75":5,"76":5,"77":0,"78":5,"79":5,"80":5,"81":5,"82":5,"83":5,"84":5,"85":0,"86":0,"87":0,"88":27,"89":3,"90":24,"91":24,"92":2,"93":22,"94":22,"95":1,"96":2},"f":{"0":39,"1":11,"2":0,"3":11,"4":9,"5":8,"6":3,"7":8,"8":8,"9":13,"10":39,"11":117,"12":5,"13":27},"b":{"0":[0],"1":[39,0],"2":[39,12],"3":[39,37],"4":[39,38],"5":[2,37],"6":[39,29],"7":[27,10],"8":[1,20],"9":[3,8],"10":[7,4],"11":[5,4],"12":[3,5],"13":[1,2],"14":[2,0],"15":[0,8],"16":[8,8],"17":[0,0],"18":[0,8],"19":[8,0],"20":[0,0],"21":[0,8],"22":[8,0],"23":[13,0],"24":[13,0],"25":[0,5],"26":[5,0],"27":[0,0],"28":[3,24],"29":[27,26,25],"30":[2,22],"31":[24,23]},"_coverageSchema":"1a1c01bbd47fc00a2c39e90264f33305004495a9","hash":"e80e3451a1e707b84d6e06c4aab5fbe481c4985f"}
,"/home/hb404/work/myself/trade-data-generator/src/core/orderBook.js": {"path":"/home/hb404/work/myself/trade-data-generator/src/core/orderBook.js","statementMap":{"0":{"start":{"line":27,"column":4},"end":{"line":27,"column":36}},"1":{"start":{"line":28,"column":4},"end":{"line":28,"column":44}},"2":{"start":{"line":29,"column":4},"end":{"line":29,"column":43}},"3":{"start":{"line":30,"column":4},"end":{"line":30,"column":59}},"4":{"start":{"line":31,"column":4},"end":{"line":31,"column":47}},"5":{"start":{"line":35,"column":4},"end":{"line":35,"column":24}},"6":{"start":{"line":36,"column":4},"end":{"line":36,"column":24}},"7":{"start":{"line":45,"column":23},"end":{"line":45,"column":64}},"8":{"start":{"line":48,"column":20},"end":{"line":48,"column":51}},"9":{"start":{"line":49,"column":20},"end":{"line":49,"column":51}},"10":{"start":{"line":51,"column":17},"end":{"line":51,"column":51}},"11":{"start":{"line":52,"column":17},"end":{"line":52,"column":51}},"12":{"start":{"line":54,"column":4},"end":{"line":54,"column":26}},"13":{"start":{"line":55,"column":4},"end":{"line":55,"column":26}},"14":{"start":{"line":57,"column":4},"end":{"line":57,"column":26}},"15":{"start":{"line":68,"column":4},"end":{"line":70,"column":5}},"16":{"start":{"line":69,"column":6},"end":{"line":69,"column":34}},"17":{"start":{"line":72,"column":23},"end":{"line":72,"column":64}},"18":{"start":{"line":73,"column":20},"end":{"line":73,"column":51}},"19":{"start":{"line":74,"column":20},"end":{"line":74,"column":51}},"20":{"start":{"line":78,"column":17},"end":{"line":78,"column":65}},"21":{"start":{"line":79,"column":17},"end":{"line":79,"column":65}},"22":{"start":{"line":81,"column":4},"end":{"line":81,"column":26}},"23":{"start":{"line":82,"column":4},"end":{"line":82,"column":26}},"24":{"start":{"line":84,"column":4},"end":{"line":84,"column":26}},"25":{"start":{"line":91,"column":4},"end":{"line":94,"column":6}},"26":{"start":{"line":106,"column":19},"end":{"line":106,"column":21}},"27":{"start":{"line":107,"column":18},"end":{"line":107,"column":32}},"28":{"start":{"line":109,"column":4},"end":{"line":125,"column":5}},"29":{"start":{"line":109,"column":17},"end":{"line":109,"column":18}},"30":{"start":{"line":111,"column":25},"end":{"line":113,"column":52}},"31":{"start":{"line":117,"column":21},"end":{"line":117,"column":49}},"32":{"start":{"line":119,"column":6},"end":{"line":124,"column":9}},"33":{"start":{"line":127,"column":4},"end":{"line":127,"column":18}},"34":{"start":{"line":137,"column":18},"end":{"line":137,"column":32}},"35":{"start":{"line":139,"column":4},"end":{"line":156,"column":7}},"36":{"start":{"line":140,"column":25},"end":{"line":142,"column":52}},"37":{"start":{"line":145,"column":20},"end":{"line":145,"column":51}},"38":{"start":{"line":146,"column":24},"end":{"line":146,"column":56}},"39":{"start":{"line":147,"column":27},"end":{"line":147,"column":38}},"40":{"start":{"line":148,"column":25},"end":{"line":148,"column":64}},"41":{"start":{"line":150,"column":6},"end":{"line":155,"column":8}},"42":{"start":{"line":165,"column":25},"end":{"line":165,"column":36}},"43":{"start":{"line":169,"column":18},"end":{"line":169,"column":54}},"44":{"start":{"line":170,"column":18},"end":{"line":170,"column":37}},"45":{"start":{"line":171,"column":19},"end":{"line":171,"column":58}},"46":{"start":{"line":173,"column":4},"end":{"line":173,"column":48}},"47":{"start":{"line":180,"column":4},"end":{"line":180,"column":53}},"48":{"start":{"line":184,"column":0},"end":{"line":184,"column":31}}},"fnMap":{"0":{"name":"(anonymous_0)","decl":{"start":{"line":26,"column":2},"end":{"line":26,"column":3}},"loc":{"start":{"line":26,"column":27},"end":{"line":37,"column":3}},"line":26},"1":{"name":"(anonymous_1)","decl":{"start":{"line":44,"column":2},"end":{"line":44,"column":3}},"loc":{"start":{"line":44,"column":18},"end":{"line":58,"column":3}},"line":44},"2":{"name":"(anonymous_2)","decl":{"start":{"line":66,"column":2},"end":{"line":66,"column":3}},"loc":{"start":{"line":66,"column":16},"end":{"line":85,"column":3}},"line":66},"3":{"name":"(anonymous_3)","decl":{"start":{"line":90,"column":2},"end":{"line":90,"column":3}},"loc":{"start":{"line":90,"column":16},"end":{"line":95,"column":3}},"line":90},"4":{"name":"(anonymous_4)","decl":{"start":{"line":105,"column":2},"end":{"line":105,"column":3}},"loc":{"start":{"line":105,"column":33},"end":{"line":128,"column":3}},"line":105},"5":{"name":"(anonymous_5)","decl":{"start":{"line":136,"column":2},"end":{"line":136,"column":3}},"loc":{"start":{"line":136,"column":47},"end":{"line":157,"column":3}},"line":136},"6":{"name":"(anonymous_6)","decl":{"start":{"line":139,"column":30},"end":{"line":139,"column":31}},"loc":{"start":{"line":139,"column":44},"end":{"line":156,"column":5}},"line":139},"7":{"name":"(anonymous_7)","decl":{"start":{"line":164,"column":2},"end":{"line":164,"column":3}},"loc":{"start":{"line":164,"column":35},"end":{"line":174,"column":3}},"line":164},"8":{"name":"(anonymous_8)","decl":{"start":{"line":179,"column":2},"end":{"line":179,"column":3}},"loc":{"start":{"line":179,"column":16},"end":{"line":181,"column":3}},"line":179}},"branchMap":{"0":{"loc":{"start":{"line":26,"column":14},"end":{"line":26,"column":25}},"type":"default-arg","locations":[{"start":{"line":26,"column":23},"end":{"line":26,"column":25}}],"line":26},"1":{"loc":{"start":{"line":27,"column":17},"end":{"line":27,"column":35}},"type":"binary-expr","locations":[{"start":{"line":27,"column":17},"end":{"line":27,"column":29}},{"start":{"line":27,"column":33},"end":{"line":27,"column":35}}],"line":27},"2":{"loc":{"start":{"line":28,"column":20},"end":{"line":28,"column":43}},"type":"binary-expr","locations":[{"start":{"line":28,"column":20},"end":{"line":28,"column":35}},{"start":{"line":28,"column":39},"end":{"line":28,"column":43}}],"line":28},"3":{"loc":{"start":{"line":29,"column":21},"end":{"line":29,"column":42}},"type":"binary-expr","locations":[{"start":{"line":29,"column":21},"end":{"line":29,"column":37}},{"start":{"line":29,"column":41},"end":{"line":29,"column":42}}],"line":29},"4":{"loc":{"start":{"line":30,"column":18},"end":{"line":30,"column":58}},"type":"binary-expr","locations":[{"start":{"line":30,"column":18},"end":{"line":30,"column":31}},{"start":{"line":30,"column":35},"end":{"line":30,"column":58}}],"line":30},"5":{"loc":{"start":{"line":31,"column":21},"end":{"line":31,"column":46}},"type":"binary-expr","locations":[{"start":{"line":31,"column":21},"end":{"line":31,"column":37}},{"start":{"line":31,"column":41},"end":{"line":31,"column":46}}],"line":31},"6":{"loc":{"start":{"line":68,"column":4},"end":{"line":70,"column":5}},"type":"if","locations":[{"start":{"line":68,"column":4},"end":{"line":70,"column":5}},{"start":{},"end":{}}],"line":68},"7":{"loc":{"start":{"line":68,"column":8},"end":{"line":68,"column":56}},"type":"binary-expr","locations":[{"start":{"line":68,"column":8},"end":{"line":68,"column":30}},{"start":{"line":68,"column":34},"end":{"line":68,"column":56}}],"line":68},"8":{"loc":{"start":{"line":111,"column":25},"end":{"line":113,"column":52}},"type":"cond-expr","locations":[{"start":{"line":112,"column":10},"end":{"line":112,"column":52}},{"start":{"line":113,"column":10},"end":{"line":113,"column":52}}],"line":111},"9":{"loc":{"start":{"line":140,"column":25},"end":{"line":142,"column":52}},"type":"cond-expr","locations":[{"start":{"line":141,"column":10},"end":{"line":141,"column":52}},{"start":{"line":142,"column":10},"end":{"line":142,"column":52}}],"line":140}},"s":{"0":29,"1":29,"2":29,"3":29,"4":29,"5":29,"6":29,"7":125,"8":125,"9":125,"10":125,"11":125,"12":125,"13":125,"14":125,"15":74,"16":1,"17":73,"18":73,"19":73,"20":73,"21":73,"22":73,"23":73,"24":73,"25":6,"26":250,"27":250,"28":250,"29":250,"30":2490,"31":2490,"32":2490,"33":250,"34":146,"35":146,"36":1460,"37":1460,"38":1460,"39":1460,"40":1460,"41":1460,"42":2490,"43":2490,"44":2490,"45":2490,"46":2490,"47":4544,"48":1},"f":{"0":29,"1":125,"2":74,"3":6,"4":250,"5":146,"6":1460,"7":2490,"8":4544},"b":{"0":[0],"1":[29,0],"2":[29,0],"3":[29,0],"4":[29,0],"5":[29,0],"6":[1,73],"7":[74,73],"8":[1245,1245],"9":[730,730]},"_coverageSchema":"1a1c01bbd47fc00a2c39e90264f33305004495a9","hash":"5dd2bf94e2fc38b976254c96ed85355dc544377c"}
,"/home/hb404/work/myself/trade-data-generator/src/core/priceEngine.js": {"path":"/home/hb404/work/myself/trade-data-generator/src/core/priceEngine.js","statementMap":{"0":{"start":{"line":25,"column":4},"end":{"line":25,"column":40}},"1":{"start":{"line":26,"column":4},"end":{"line":26,"column":49}},"2":{"start":{"line":27,"column":4},"end":{"line":27,"column":35}},"3":{"start":{"line":28,"column":4},"end":{"line":28,"column":43}},"4":{"start":{"line":29,"column":4},"end":{"line":29,"column":60}},"5":{"start":{"line":32,"column":4},"end":{"line":32,"column":63}},"6":{"start":{"line":33,"column":4},"end":{"line":33,"column":63}},"7":{"start":{"line":36,"column":4},"end":{"line":36,"column":42}},"8":{"start":{"line":37,"column":4},"end":{"line":37,"column":43}},"9":{"start":{"line":38,"column":4},"end":{"line":38,"column":37}},"10":{"start":{"line":39,"column":4},"end":{"line":39,"column":36}},"11":{"start":{"line":40,"column":4},"end":{"line":40,"column":37}},"12":{"start":{"line":41,"column":4},"end":{"line":41,"column":25}},"13":{"start":{"line":42,"column":4},"end":{"line":42,"column":23}},"14":{"start":{"line":50,"column":4},"end":{"line":50,"column":43}},"15":{"start":{"line":55,"column":19},"end":{"line":55,"column":57}},"16":{"start":{"line":58,"column":22},"end":{"line":58,"column":32}},"17":{"start":{"line":62,"column":22},"end":{"line":62,"column":77}},"18":{"start":{"line":63,"column":22},"end":{"line":63,"column":39}},"19":{"start":{"line":66,"column":22},"end":{"line":66,"column":52}},"20":{"start":{"line":69,"column":19},"end":{"line":69,"column":54}},"21":{"start":{"line":72,"column":4},"end":{"line":72,"column":74}},"22":{"start":{"line":75,"column":4},"end":{"line":75,"column":37}},"23":{"start":{"line":77,"column":4},"end":{"line":77,"column":33}},"24":{"start":{"line":78,"column":4},"end":{"line":78,"column":21}},"25":{"start":{"line":82,"column":24},"end":{"line":82,"column":61}},"26":{"start":{"line":83,"column":19},"end":{"line":83,"column":52}},"27":{"start":{"line":84,"column":4},"end":{"line":84,"column":31}},"28":{"start":{"line":87,"column":4},"end":{"line":87,"column":57}},"29":{"start":{"line":87,"column":33},"end":{"line":87,"column":57}},"30":{"start":{"line":88,"column":4},"end":{"line":88,"column":55}},"31":{"start":{"line":88,"column":32},"end":{"line":88,"column":55}},"32":{"start":{"line":91,"column":19},"end":{"line":91,"column":55}},"33":{"start":{"line":92,"column":22},"end":{"line":94,"column":5}},"34":{"start":{"line":97,"column":22},"end":{"line":97,"column":43}},"35":{"start":{"line":98,"column":23},"end":{"line":98,"column":56}},"36":{"start":{"line":99,"column":16},"end":{"line":99,"column":50}},"37":{"start":{"line":100,"column":16},"end":{"line":100,"column":50}},"38":{"start":{"line":102,"column":4},"end":{"line":116,"column":6}},"39":{"start":{"line":123,"column":4},"end":{"line":123,"column":37}},"40":{"start":{"line":124,"column":4},"end":{"line":124,"column":37}},"41":{"start":{"line":125,"column":4},"end":{"line":125,"column":36}},"42":{"start":{"line":126,"column":4},"end":{"line":126,"column":25}},"43":{"start":{"line":133,"column":4},"end":{"line":133,"column":40}},"44":{"start":{"line":134,"column":4},"end":{"line":134,"column":41}},"45":{"start":{"line":135,"column":4},"end":{"line":135,"column":35}},"46":{"start":{"line":136,"column":4},"end":{"line":136,"column":34}},"47":{"start":{"line":137,"column":4},"end":{"line":137,"column":35}},"48":{"start":{"line":138,"column":4},"end":{"line":138,"column":25}},"49":{"start":{"line":139,"column":4},"end":{"line":139,"column":23}},"50":{"start":{"line":146,"column":4},"end":{"line":153,"column":6}},"51":{"start":{"line":164,"column":12},"end":{"line":164,"column":13}},"52":{"start":{"line":165,"column":10},"end":{"line":165,"column":11}},"53":{"start":{"line":166,"column":4},"end":{"line":166,"column":38}},"54":{"start":{"line":166,"column":20},"end":{"line":166,"column":38}},"55":{"start":{"line":167,"column":4},"end":{"line":167,"column":38}},"56":{"start":{"line":167,"column":20},"end":{"line":167,"column":38}},"57":{"start":{"line":168,"column":4},"end":{"line":168,"column":71}},"58":{"start":{"line":176,"column":25},"end":{"line":176,"column":36}},"59":{"start":{"line":177,"column":18},"end":{"line":177,"column":27}},"60":{"start":{"line":179,"column":17},"end":{"line":179,"column":44}},"61":{"start":{"line":180,"column":18},"end":{"line":180,"column":41}},"62":{"start":{"line":181,"column":4},"end":{"line":181,"column":36}},"63":{"start":{"line":188,"column":4},"end":{"line":188,"column":53}},"64":{"start":{"line":192,"column":0},"end":{"line":192,"column":33}}},"fnMap":{"0":{"name":"(anonymous_0)","decl":{"start":{"line":24,"column":2},"end":{"line":24,"column":3}},"loc":{"start":{"line":24,"column":22},"end":{"line":43,"column":3}},"line":24},"1":{"name":"(anonymous_1)","decl":{"start":{"line":49,"column":2},"end":{"line":49,"column":3}},"loc":{"start":{"line":49,"column":9},"end":{"line":117,"column":3}},"line":49},"2":{"name":"(anonymous_2)","decl":{"start":{"line":122,"column":2},"end":{"line":122,"column":3}},"loc":{"start":{"line":122,"column":13},"end":{"line":127,"column":3}},"line":122},"3":{"name":"(anonymous_3)","decl":{"start":{"line":132,"column":2},"end":{"line":132,"column":3}},"loc":{"start":{"line":132,"column":10},"end":{"line":140,"column":3}},"line":132},"4":{"name":"(anonymous_4)","decl":{"start":{"line":145,"column":2},"end":{"line":145,"column":3}},"loc":{"start":{"line":145,"column":13},"end":{"line":154,"column":3}},"line":145},"5":{"name":"(anonymous_5)","decl":{"start":{"line":163,"column":2},"end":{"line":163,"column":3}},"loc":{"start":{"line":163,"column":18},"end":{"line":169,"column":3}},"line":163},"6":{"name":"(anonymous_6)","decl":{"start":{"line":175,"column":2},"end":{"line":175,"column":3}},"loc":{"start":{"line":175,"column":29},"end":{"line":182,"column":3}},"line":175},"7":{"name":"(anonymous_7)","decl":{"start":{"line":187,"column":2},"end":{"line":187,"column":3}},"loc":{"start":{"line":187,"column":16},"end":{"line":189,"column":3}},"line":187}},"branchMap":{"0":{"loc":{"start":{"line":26,"column":22},"end":{"line":26,"column":48}},"type":"binary-expr","locations":[{"start":{"line":26,"column":22},"end":{"line":26,"column":39}},{"start":{"line":26,"column":43},"end":{"line":26,"column":48}}],"line":26},"1":{"loc":{"start":{"line":27,"column":17},"end":{"line":27,"column":34}},"type":"binary-expr","locations":[{"start":{"line":27,"column":17},"end":{"line":27,"column":29}},{"start":{"line":27,"column":33},"end":{"line":27,"column":34}}],"line":27},"2":{"loc":{"start":{"line":28,"column":21},"end":{"line":28,"column":42}},"type":"binary-expr","locations":[{"start":{"line":28,"column":21},"end":{"line":28,"column":37}},{"start":{"line":28,"column":41},"end":{"line":28,"column":42}}],"line":28},"3":{"loc":{"start":{"line":29,"column":18},"end":{"line":29,"column":59}},"type":"binary-expr","locations":[{"start":{"line":29,"column":18},"end":{"line":29,"column":31}},{"start":{"line":29,"column":35},"end":{"line":29,"column":59}}],"line":29},"4":{"loc":{"start":{"line":32,"column":20},"end":{"line":32,"column":62}},"type":"binary-expr","locations":[{"start":{"line":32,"column":20},"end":{"line":32,"column":35}},{"start":{"line":32,"column":39},"end":{"line":32,"column":62}}],"line":32},"5":{"loc":{"start":{"line":33,"column":20},"end":{"line":33,"column":62}},"type":"binary-expr","locations":[{"start":{"line":33,"column":20},"end":{"line":33,"column":35}},{"start":{"line":33,"column":39},"end":{"line":33,"column":62}}],"line":33},"6":{"loc":{"start":{"line":87,"column":4},"end":{"line":87,"column":57}},"type":"if","locations":[{"start":{"line":87,"column":4},"end":{"line":87,"column":57}},{"start":{},"end":{}}],"line":87},"7":{"loc":{"start":{"line":88,"column":4},"end":{"line":88,"column":55}},"type":"if","locations":[{"start":{"line":88,"column":4},"end":{"line":88,"column":55}},{"start":{},"end":{}}],"line":88}},"s":{"0":29,"1":29,"2":29,"3":29,"4":29,"5":29,"6":29,"7":29,"8":29,"9":29,"10":29,"11":29,"12":29,"13":29,"14":1006,"15":1006,"16":1006,"17":1006,"18":1006,"19":1006,"20":1006,"21":1006,"22":1006,"23":1006,"24":1006,"25":1006,"26":1006,"27":1006,"28":1006,"29":116,"30":1006,"31":91,"32":1006,"33":1006,"34":1006,"35":1006,"36":1006,"37":1006,"38":1006,"39":3,"40":3,"41":3,"42":3,"43":5,"44":5,"45":5,"46":5,"47":5,"48":5,"49":5,"50":3,"51":1006,"52":1006,"53":1006,"54":1006,"55":1006,"56":1006,"57":1006,"58":1006,"59":1006,"60":1006,"61":1006,"62":1006,"63":8048,"64":1},"f":{"0":29,"1":1006,"2":3,"3":5,"4":3,"5":1006,"6":1006,"7":8048},"b":{"0":[29,0],"1":[29,29],"2":[29,0],"3":[29,0],"4":[29,28],"5":[29,28],"6":[116,890],"7":[91,915]},"_coverageSchema":"1a1c01bbd47fc00a2c39e90264f33305004495a9","hash":"ac5ed627da547e3e6f48521ffb9acc1991acd297"}
,"/home/hb404/work/myself/trade-data-generator/src/utils/validate.js": {"path":"/home/hb404/work/myself/trade-data-generator/src/utils/validate.js","statementMap":{"0":{"start":{"line":11,"column":25},"end":{"line":11,"column":55}},"1":{"start":{"line":12,"column":22},"end":{"line":12,"column":54}},"2":{"start":{"line":20,"column":2},"end":{"line":26,"column":3}},"3":{"start":{"line":21,"column":4},"end":{"line":25,"column":6}},"4":{"start":{"line":28,"column":2},"end":{"line":28,"column":29}},"5":{"start":{"line":29,"column":2},"end":{"line":29,"column":56}},"6":{"start":{"line":30,"column":2},"end":{"line":30,"column":37}},"7":{"start":{"line":31,"column":2},"end":{"line":31,"column":51}},"8":{"start":{"line":32,"column":2},"end":{"line":32,"column":62}},"9":{"start":{"line":42,"column":17},"end":{"line":42,"column":47}},"10":{"start":{"line":44,"column":2},"end":{"line":46,"column":3}},"11":{"start":{"line":45,"column":4},"end":{"line":45,"column":52}},"12":{"start":{"line":49,"column":2},"end":{"line":54,"column":3}},"13":{"start":{"line":50,"column":4},"end":{"line":53,"column":6}},"14":{"start":{"line":56,"column":2},"end":{"line":58,"column":3}},"15":{"start":{"line":57,"column":4},"end":{"line":57,"column":57}},"16":{"start":{"line":61,"column":2},"end":{"line":82,"column":3}},"17":{"start":{"line":62,"column":4},"end":{"line":68,"column":5}},"18":{"start":{"line":63,"column":6},"end":{"line":67,"column":8}},"19":{"start":{"line":70,"column":4},"end":{"line":74,"column":5}},"20":{"start":{"line":71,"column":6},"end":{"line":73,"column":8}},"21":{"start":{"line":76,"column":4},"end":{"line":81,"column":5}},"22":{"start":{"line":77,"column":6},"end":{"line":80,"column":8}},"23":{"start":{"line":85,"column":2},"end":{"line":97,"column":3}},"24":{"start":{"line":86,"column":4},"end":{"line":90,"column":5}},"25":{"start":{"line":87,"column":6},"end":{"line":89,"column":8}},"26":{"start":{"line":91,"column":4},"end":{"line":96,"column":5}},"27":{"start":{"line":92,"column":6},"end":{"line":95,"column":8}},"28":{"start":{"line":100,"column":2},"end":{"line":110,"column":3}},"29":{"start":{"line":101,"column":4},"end":{"line":103,"column":5}},"30":{"start":{"line":102,"column":6},"end":{"line":102,"column":78}},"31":{"start":{"line":104,"column":4},"end":{"line":109,"column":5}},"32":{"start":{"line":105,"column":6},"end":{"line":108,"column":8}},"33":{"start":{"line":113,"column":2},"end":{"line":125,"column":3}},"34":{"start":{"line":114,"column":4},"end":{"line":124,"column":5}},"35":{"start":{"line":120,"column":6},"end":{"line":123,"column":8}},"36":{"start":{"line":128,"column":2},"end":{"line":135,"column":3}},"37":{"start":{"line":129,"column":4},"end":{"line":134,"column":5}},"38":{"start":{"line":130,"column":6},"end":{"line":133,"column":8}},"39":{"start":{"line":138,"column":2},"end":{"line":140,"column":3}},"40":{"start":{"line":139,"column":4},"end":{"line":139,"column":47}},"41":{"start":{"line":143,"column":2},"end":{"line":147,"column":3}},"42":{"start":{"line":144,"column":4},"end":{"line":146,"column":6}},"43":{"start":{"line":149,"column":2},"end":{"line":156,"column":3}},"44":{"start":{"line":150,"column":4},"end":{"line":155,"column":5}},"45":{"start":{"line":151,"column":6},"end":{"line":154,"column":8}},"46":{"start":{"line":158,"column":2},"end":{"line":163,"column":3}},"47":{"start":{"line":159,"column":4},"end":{"line":162,"column":6}},"48":{"start":{"line":169,"column":16},"end":{"line":169,"column":43}},"49":{"start":{"line":171,"column":2},"end":{"line":177,"column":3}},"50":{"start":{"line":172,"column":4},"end":{"line":176,"column":6}},"51":{"start":{"line":179,"column":2},"end":{"line":184,"column":3}},"52":{"start":{"line":180,"column":4},"end":{"line":183,"column":6}},"53":{"start":{"line":189,"column":2},"end":{"line":197,"column":3}},"54":{"start":{"line":190,"column":4},"end":{"line":195,"column":5}},"55":{"start":{"line":191,"column":6},"end":{"line":194,"column":8}},"56":{"start":{"line":196,"column":4},"end":{"line":196,"column":11}},"57":{"start":{"line":200,"column":2},"end":{"line":210,"column":3}},"58":{"start":{"line":201,"column":4},"end":{"line":209,"column":6}},"59":{"start":{"line":212,"column":2},"end":{"line":214,"column":3}},"60":{"start":{"line":213,"column":4},"end":{"line":213,"column":67}},"61":{"start":{"line":218,"column":2},"end":{"line":218,"column":37}},"62":{"start":{"line":218,"column":30},"end":{"line":218,"column":37}},"63":{"start":{"line":220,"column":2},"end":{"line":225,"column":3}},"64":{"start":{"line":221,"column":4},"end":{"line":224,"column":6}},"65":{"start":{"line":227,"column":2},"end":{"line":232,"column":3}},"66":{"start":{"line":228,"column":4},"end":{"line":231,"column":6}},"67":{"start":{"line":234,"column":2},"end":{"line":239,"column":3}},"68":{"start":{"line":235,"column":4},"end":{"line":238,"column":6}},"69":{"start":{"line":243,"column":2},"end":{"line":243,"column":44}},"70":{"start":{"line":243,"column":37},"end":{"line":243,"column":44}},"71":{"start":{"line":245,"column":16},"end":{"line":245,"column":38}},"72":{"start":{"line":247,"column":2},"end":{"line":253,"column":3}},"73":{"start":{"line":248,"column":4},"end":{"line":252,"column":6}},"74":{"start":{"line":255,"column":2},"end":{"line":262,"column":5}},"75":{"start":{"line":256,"column":4},"end":{"line":261,"column":5}},"76":{"start":{"line":257,"column":6},"end":{"line":260,"column":8}},"77":{"start":{"line":266,"column":2},"end":{"line":274,"column":3}},"78":{"start":{"line":267,"column":4},"end":{"line":273,"column":6}},"79":{"start":{"line":276,"column":2},"end":{"line":278,"column":3}},"80":{"start":{"line":277,"column":4},"end":{"line":277,"column":60}},"81":{"start":{"line":280,"column":2},"end":{"line":284,"column":3}},"82":{"start":{"line":281,"column":4},"end":{"line":283,"column":6}},"83":{"start":{"line":286,"column":2},"end":{"line":291,"column":3}},"84":{"start":{"line":287,"column":4},"end":{"line":290,"column":6}},"85":{"start":{"line":294,"column":18},"end":{"line":294,"column":45}},"86":{"start":{"line":294,"column":35},"end":{"line":294,"column":44}},"87":{"start":{"line":295,"column":17},"end":{"line":295,"column":33}},"88":{"start":{"line":296,"column":2},"end":{"line":302,"column":3}},"89":{"start":{"line":297,"column":18},"end":{"line":297,"column":68}},"90":{"start":{"line":297,"column":43},"end":{"line":297,"column":67}},"91":{"start":{"line":298,"column":4},"end":{"line":301,"column":6}},"92":{"start":{"line":305,"column":2},"end":{"line":305,"column":60}},"93":{"start":{"line":305,"column":29},"end":{"line":305,"column":58}},"94":{"start":{"line":309,"column":2},"end":{"line":314,"column":3}},"95":{"start":{"line":310,"column":4},"end":{"line":313,"column":6}},"96":{"start":{"line":316,"column":2},"end":{"line":321,"column":3}},"97":{"start":{"line":317,"column":4},"end":{"line":320,"column":6}},"98":{"start":{"line":323,"column":2},"end":{"line":328,"column":3}},"99":{"start":{"line":324,"column":4},"end":{"line":327,"column":6}},"100":{"start":{"line":330,"column":2},"end":{"line":334,"column":3}},"101":{"start":{"line":331,"column":4},"end":{"line":333,"column":6}},"102":{"start":{"line":336,"column":2},"end":{"line":341,"column":3}},"103":{"start":{"line":337,"column":4},"end":{"line":340,"column":6}},"104":{"start":{"line":344,"column":0},"end":{"line":344,"column":50}}},"fnMap":{"0":{"name":"validateConfig","decl":{"start":{"line":19,"column":9},"end":{"line":19,"column":23}},"loc":{"start":{"line":19,"column":32},"end":{"line":33,"column":1}},"line":19},"1":{"name":"validatePair","decl":{"start":{"line":41,"column":9},"end":{"line":41,"column":21}},"loc":{"start":{"line":41,"column":62},"end":{"line":164,"column":1}},"line":41},"2":{"name":"_validateType","decl":{"start":{"line":168,"column":9},"end":{"line":168,"column":22}},"loc":{"start":{"line":168,"column":29},"end":{"line":185,"column":1}},"line":168},"3":{"name":"_validateMarketHours","decl":{"start":{"line":187,"column":9},"end":{"line":187,"column":29}},"loc":{"start":{"line":187,"column":49},"end":{"line":215,"column":1}},"line":187},"4":{"name":"_validateInterval","decl":{"start":{"line":217,"column":9},"end":{"line":217,"column":26}},"loc":{"start":{"line":217,"column":37},"end":{"line":240,"column":1}},"line":217},"5":{"name":"_validateCandleIntervals","decl":{"start":{"line":242,"column":9},"end":{"line":242,"column":33}},"loc":{"start":{"line":242,"column":51},"end":{"line":263,"column":1}},"line":242},"6":{"name":"(anonymous_6)","decl":{"start":{"line":255,"column":26},"end":{"line":255,"column":27}},"loc":{"start":{"line":255,"column":40},"end":{"line":262,"column":3}},"line":255},"7":{"name":"_validatePairs","decl":{"start":{"line":265,"column":9},"end":{"line":265,"column":23}},"loc":{"start":{"line":265,"column":39},"end":{"line":306,"column":1}},"line":265},"8":{"name":"(anonymous_8)","decl":{"start":{"line":294,"column":28},"end":{"line":294,"column":29}},"loc":{"start":{"line":294,"column":35},"end":{"line":294,"column":44}},"line":294},"9":{"name":"(anonymous_9)","decl":{"start":{"line":297,"column":33},"end":{"line":297,"column":34}},"loc":{"start":{"line":297,"column":43},"end":{"line":297,"column":67}},"line":297},"10":{"name":"(anonymous_10)","decl":{"start":{"line":305,"column":16},"end":{"line":305,"column":17}},"loc":{"start":{"line":305,"column":29},"end":{"line":305,"column":58}},"line":305},"11":{"name":"_validateVolumeConfig","decl":{"start":{"line":308,"column":9},"end":{"line":308,"column":30}},"loc":{"start":{"line":308,"column":47},"end":{"line":342,"column":1}},"line":308}},"branchMap":{"0":{"loc":{"start":{"line":20,"column":2},"end":{"line":26,"column":3}},"type":"if","locations":[{"start":{"line":20,"column":2},"end":{"line":26,"column":3}},{"start":{},"end":{}}],"line":20},"1":{"loc":{"start":{"line":20,"column":6},"end":{"line":20,"column":43}},"type":"binary-expr","locations":[{"start":{"line":20,"column":6},"end":{"line":20,"column":13}},{"start":{"line":20,"column":17},"end":{"line":20,"column":43}}],"line":20},"2":{"loc":{"start":{"line":32,"column":31},"end":{"line":32,"column":60}},"type":"binary-expr","locations":[{"start":{"line":32,"column":31},"end":{"line":32,"column":44}},{"start":{"line":32,"column":48},"end":{"line":32,"column":60}}],"line":32},"3":{"loc":{"start":{"line":41,"column":28},"end":{"line":41,"column":37}},"type":"default-arg","locations":[{"start":{"line":41,"column":36},"end":{"line":41,"column":37}}],"line":41},"4":{"loc":{"start":{"line":41,"column":39},"end":{"line":41,"column":60}},"type":"default-arg","locations":[{"start":{"line":41,"column":48},"end":{"line":41,"column":60}}],"line":41},"5":{"loc":{"start":{"line":44,"column":2},"end":{"line":46,"column":3}},"type":"if","locations":[{"start":{"line":44,"column":2},"end":{"line":46,"column":3}},{"start":{},"end":{}}],"line":44},"6":{"loc":{"start":{"line":44,"column":6},"end":{"line":44,"column":39}},"type":"binary-expr","locations":[{"start":{"line":44,"column":6},"end":{"line":44,"column":11}},{"start":{"line":44,"column":15},"end":{"line":44,"column":39}}],"line":44},"7":{"loc":{"start":{"line":49,"column":2},"end":{"line":54,"column":3}},"type":"if","locations":[{"start":{"line":49,"column":2},"end":{"line":54,"column":3}},{"start":{},"end":{}}],"line":49},"8":{"loc":{"start":{"line":49,"column":6},"end":{"line":49,"column":53}},"type":"binary-expr","locations":[{"start":{"line":49,"column":6},"end":{"line":49,"column":18}},{"start":{"line":49,"column":22},"end":{"line":49,"column":53}}],"line":49},"9":{"loc":{"start":{"line":56,"column":2},"end":{"line":58,"column":3}},"type":"if","locations":[{"start":{"line":56,"column":2},"end":{"line":58,"column":3}},{"start":{},"end":{}}],"line":56},"10":{"loc":{"start":{"line":61,"column":2},"end":{"line":82,"column":3}},"type":"if","locations":[{"start":{"line":61,"column":2},"end":{"line":82,"column":3}},{"start":{},"end":{}}],"line":61},"11":{"loc":{"start":{"line":61,"column":6},"end":{"line":61,"column":53}},"type":"binary-expr","locations":[{"start":{"line":61,"column":6},"end":{"line":61,"column":29}},{"start":{"line":61,"column":33},"end":{"line":61,"column":53}}],"line":61},"12":{"loc":{"start":{"line":62,"column":4},"end":{"line":68,"column":5}},"type":"if","locations":[{"start":{"line":62,"column":4},"end":{"line":68,"column":5}},{"start":{},"end":{}}],"line":62},"13":{"loc":{"start":{"line":62,"column":8},"end":{"line":62,"column":65}},"type":"binary-expr","locations":[{"start":{"line":62,"column":8},"end":{"line":62,"column":37}},{"start":{"line":62,"column":41},"end":{"line":62,"column":65}}],"line":62},"14":{"loc":{"start":{"line":70,"column":4},"end":{"line":74,"column":5}},"type":"if","locations":[{"start":{"line":70,"column":4},"end":{"line":74,"column":5}},{"start":{},"end":{}}],"line":70},"15":{"loc":{"start":{"line":70,"column":8},"end":{"line":70,"column":69}},"type":"binary-expr","locations":[{"start":{"line":70,"column":8},"end":{"line":70,"column":43}},{"start":{"line":70,"column":47},"end":{"line":70,"column":69}}],"line":70},"16":{"loc":{"start":{"line":76,"column":4},"end":{"line":81,"column":5}},"type":"if","locations":[{"start":{"line":76,"column":4},"end":{"line":81,"column":5}},{"start":{},"end":{}}],"line":76},"17":{"loc":{"start":{"line":85,"column":2},"end":{"line":97,"column":3}},"type":"if","locations":[{"start":{"line":85,"column":2},"end":{"line":97,"column":3}},{"start":{},"end":{}}],"line":85},"18":{"loc":{"start":{"line":86,"column":4},"end":{"line":90,"column":5}},"type":"if","locations":[{"start":{"line":86,"column":4},"end":{"line":90,"column":5}},{"start":{},"end":{}}],"line":86},"19":{"loc":{"start":{"line":86,"column":8},"end":{"line":86,"column":69}},"type":"binary-expr","locations":[{"start":{"line":86,"column":8},"end":{"line":86,"column":43}},{"start":{"line":86,"column":47},"end":{"line":86,"column":69}}],"line":86},"20":{"loc":{"start":{"line":91,"column":4},"end":{"line":96,"column":5}},"type":"if","locations":[{"start":{"line":91,"column":4},"end":{"line":96,"column":5}},{"start":{},"end":{}}],"line":91},"21":{"loc":{"start":{"line":91,"column":8},"end":{"line":91,"column":52}},"type":"binary-expr","locations":[{"start":{"line":91,"column":8},"end":{"line":91,"column":28}},{"start":{"line":91,"column":32},"end":{"line":91,"column":52}}],"line":91},"22":{"loc":{"start":{"line":100,"column":2},"end":{"line":110,"column":3}},"type":"if","locations":[{"start":{"line":100,"column":2},"end":{"line":110,"column":3}},{"start":{},"end":{}}],"line":100},"23":{"loc":{"start":{"line":101,"column":4},"end":{"line":103,"column":5}},"type":"if","locations":[{"start":{"line":101,"column":4},"end":{"line":103,"column":5}},{"start":{},"end":{}}],"line":101},"24":{"loc":{"start":{"line":101,"column":8},"end":{"line":101,"column":59}},"type":"binary-expr","locations":[{"start":{"line":101,"column":8},"end":{"line":101,"column":38}},{"start":{"line":101,"column":42},"end":{"line":101,"column":59}}],"line":101},"25":{"loc":{"start":{"line":104,"column":4},"end":{"line":109,"column":5}},"type":"if","locations":[{"start":{"line":104,"column":4},"end":{"line":109,"column":5}},{"start":{},"end":{}}],"line":104},"26":{"loc":{"start":{"line":113,"column":2},"end":{"line":125,"column":3}},"type":"if","locations":[{"start":{"line":113,"column":2},"end":{"line":125,"column":3}},{"start":{},"end":{}}],"line":113},"27":{"loc":{"start":{"line":114,"column":4},"end":{"line":124,"column":5}},"type":"if","locations":[{"start":{"line":114,"column":4},"end":{"line":124,"column":5}},{"start":{},"end":{}}],"line":114},"28":{"loc":{"start":{"line":115,"column":6},"end":{"line":118,"column":25}},"type":"binary-expr","locations":[{"start":{"line":115,"column":6},"end":{"line":115,"column":40}},{"start":{"line":116,"column":6},"end":{"line":116,"column":39}},{"start":{"line":117,"column":6},"end":{"line":117,"column":24}},{"start":{"line":118,"column":6},"end":{"line":118,"column":25}}],"line":115},"29":{"loc":{"start":{"line":128,"column":2},"end":{"line":135,"column":3}},"type":"if","locations":[{"start":{"line":128,"column":2},"end":{"line":135,"column":3}},{"start":{},"end":{}}],"line":128},"30":{"loc":{"start":{"line":129,"column":4},"end":{"line":134,"column":5}},"type":"if","locations":[{"start":{"line":129,"column":4},"end":{"line":134,"column":5}},{"start":{},"end":{}}],"line":129},"31":{"loc":{"start":{"line":129,"column":8},"end":{"line":129,"column":63}},"type":"binary-expr","locations":[{"start":{"line":129,"column":8},"end":{"line":129,"column":41}},{"start":{"line":129,"column":45},"end":{"line":129,"column":63}}],"line":129},"32":{"loc":{"start":{"line":138,"column":2},"end":{"line":140,"column":3}},"type":"if","locations":[{"start":{"line":138,"column":2},"end":{"line":140,"column":3}},{"start":{},"end":{}}],"line":138},"33":{"loc":{"start":{"line":143,"column":2},"end":{"line":147,"column":3}},"type":"if","locations":[{"start":{"line":143,"column":2},"end":{"line":147,"column":3}},{"start":{},"end":{}}],"line":143},"34":{"loc":{"start":{"line":143,"column":6},"end":{"line":143,"column":55}},"type":"binary-expr","locations":[{"start":{"line":143,"column":6},"end":{"line":143,"column":33}},{"start":{"line":143,"column":37},"end":{"line":143,"column":55}}],"line":143},"35":{"loc":{"start":{"line":149,"column":2},"end":{"line":156,"column":3}},"type":"if","locations":[{"start":{"line":149,"column":2},"end":{"line":156,"column":3}},{"start":{},"end":{}}],"line":149},"36":{"loc":{"start":{"line":149,"column":6},"end":{"line":149,"column":64}},"type":"binary-expr","locations":[{"start":{"line":149,"column":6},"end":{"line":149,"column":33}},{"start":{"line":149,"column":37},"end":{"line":149,"column":64}}],"line":149},"37":{"loc":{"start":{"line":150,"column":4},"end":{"line":155,"column":5}},"type":"if","locations":[{"start":{"line":150,"column":4},"end":{"line":155,"column":5}},{"start":{},"end":{}}],"line":150},"38":{"loc":{"start":{"line":158,"column":2},"end":{"line":163,"column":3}},"type":"if","locations":[{"start":{"line":158,"column":2},"end":{"line":163,"column":3}},{"start":{},"end":{}}],"line":158},"39":{"loc":{"start":{"line":158,"column":6},"end":{"line":158,"column":75}},"type":"binary-expr","locations":[{"start":{"line":158,"column":6},"end":{"line":158,"column":33}},{"start":{"line":158,"column":37},"end":{"line":158,"column":75}}],"line":158},"40":{"loc":{"start":{"line":171,"column":2},"end":{"line":177,"column":3}},"type":"if","locations":[{"start":{"line":171,"column":2},"end":{"line":177,"column":3}},{"start":{},"end":{}}],"line":171},"41":{"loc":{"start":{"line":179,"column":2},"end":{"line":184,"column":3}},"type":"if","locations":[{"start":{"line":179,"column":2},"end":{"line":184,"column":3}},{"start":{},"end":{}}],"line":179},"42":{"loc":{"start":{"line":189,"column":2},"end":{"line":197,"column":3}},"type":"if","locations":[{"start":{"line":189,"column":2},"end":{"line":197,"column":3}},{"start":{},"end":{}}],"line":189},"43":{"loc":{"start":{"line":190,"column":4},"end":{"line":195,"column":5}},"type":"if","locations":[{"start":{"line":190,"column":4},"end":{"line":195,"column":5}},{"start":{},"end":{}}],"line":190},"44":{"loc":{"start":{"line":200,"column":2},"end":{"line":210,"column":3}},"type":"if","locations":[{"start":{"line":200,"column":2},"end":{"line":210,"column":3}},{"start":{},"end":{}}],"line":200},"45":{"loc":{"start":{"line":212,"column":2},"end":{"line":214,"column":3}},"type":"if","locations":[{"start":{"line":212,"column":2},"end":{"line":214,"column":3}},{"start":{},"end":{}}],"line":212},"46":{"loc":{"start":{"line":218,"column":2},"end":{"line":218,"column":37}},"type":"if","locations":[{"start":{"line":218,"column":2},"end":{"line":218,"column":37}},{"start":{},"end":{}}],"line":218},"47":{"loc":{"start":{"line":220,"column":2},"end":{"line":225,"column":3}},"type":"if","locations":[{"start":{"line":220,"column":2},"end":{"line":225,"column":3}},{"start":{},"end":{}}],"line":220},"48":{"loc":{"start":{"line":220,"column":6},"end":{"line":220,"column":53}},"type":"binary-expr","locations":[{"start":{"line":220,"column":6},"end":{"line":220,"column":34}},{"start":{"line":220,"column":38},"end":{"line":220,"column":53}}],"line":220},"49":{"loc":{"start":{"line":227,"column":2},"end":{"line":232,"column":3}},"type":"if","locations":[{"start":{"line":227,"column":2},"end":{"line":232,"column":3}},{"start":{},"end":{}}],"line":227},"50":{"loc":{"start":{"line":234,"column":2},"end":{"line":239,"column":3}},"type":"if","locations":[{"start":{"line":234,"column":2},"end":{"line":239,"column":3}},{"start":{},"end":{}}],"line":234},"51":{"loc":{"start":{"line":243,"column":2},"end":{"line":243,"column":44}},"type":"if","locations":[{"start":{"line":243,"column":2},"end":{"line":243,"column":44}},{"start":{},"end":{}}],"line":243},"52":{"loc":{"start":{"line":247,"column":2},"end":{"line":253,"column":3}},"type":"if","locations":[{"start":{"line":247,"column":2},"end":{"line":253,"column":3}},{"start":{},"end":{}}],"line":247},"53":{"loc":{"start":{"line":256,"column":4},"end":{"line":261,"column":5}},"type":"if","locations":[{"start":{"line":256,"column":4},"end":{"line":261,"column":5}},{"start":{},"end":{}}],"line":256},"54":{"loc":{"start":{"line":266,"column":2},"end":{"line":274,"column":3}},"type":"if","locations":[{"start":{"line":266,"column":2},"end":{"line":274,"column":3}},{"start":{},"end":{}}],"line":266},"55":{"loc":{"start":{"line":276,"column":2},"end":{"line":278,"column":3}},"type":"if","locations":[{"start":{"line":276,"column":2},"end":{"line":278,"column":3}},{"start":{},"end":{}}],"line":276},"56":{"loc":{"start":{"line":280,"column":2},"end":{"line":284,"column":3}},"type":"if","locations":[{"start":{"line":280,"column":2},"end":{"line":284,"column":3}},{"start":{},"end":{}}],"line":280},"57":{"loc":{"start":{"line":286,"column":2},"end":{"line":291,"column":3}},"type":"if","locations":[{"start":{"line":286,"column":2},"end":{"line":291,"column":3}},{"start":{},"end":{}}],"line":286},"58":{"loc":{"start":{"line":296,"column":2},"end":{"line":302,"column":3}},"type":"if","locations":[{"start":{"line":296,"column":2},"end":{"line":302,"column":3}},{"start":{},"end":{}}],"line":296},"59":{"loc":{"start":{"line":309,"column":2},"end":{"line":314,"column":3}},"type":"if","locations":[{"start":{"line":309,"column":2},"end":{"line":314,"column":3}},{"start":{},"end":{}}],"line":309},"60":{"loc":{"start":{"line":316,"column":2},"end":{"line":321,"column":3}},"type":"if","locations":[{"start":{"line":316,"column":2},"end":{"line":321,"column":3}},{"start":{},"end":{}}],"line":316},"61":{"loc":{"start":{"line":316,"column":6},"end":{"line":316,"column":58}},"type":"binary-expr","locations":[{"start":{"line":316,"column":6},"end":{"line":316,"column":30}},{"start":{"line":316,"column":34},"end":{"line":316,"column":58}}],"line":316},"62":{"loc":{"start":{"line":323,"column":2},"end":{"line":328,"column":3}},"type":"if","locations":[{"start":{"line":323,"column":2},"end":{"line":328,"column":3}},{"start":{},"end":{}}],"line":323},"63":{"loc":{"start":{"line":323,"column":6},"end":{"line":323,"column":54}},"type":"binary-expr","locations":[{"start":{"line":323,"column":6},"end":{"line":323,"column":36}},{"start":{"line":323,"column":40},"end":{"line":323,"column":54}}],"line":323},"64":{"loc":{"start":{"line":330,"column":2},"end":{"line":334,"column":3}},"type":"if","locations":[{"start":{"line":330,"column":2},"end":{"line":334,"column":3}},{"start":{},"end":{}}],"line":330},"65":{"loc":{"start":{"line":330,"column":6},"end":{"line":330,"column":55}},"type":"binary-expr","locations":[{"start":{"line":330,"column":6},"end":{"line":330,"column":36}},{"start":{"line":330,"column":40},"end":{"line":330,"column":55}}],"line":330},"66":{"loc":{"start":{"line":336,"column":2},"end":{"line":341,"column":3}},"type":"if","locations":[{"start":{"line":336,"column":2},"end":{"line":341,"column":3}},{"start":{},"end":{}}],"line":336}},"s":{"0":1,"1":1,"2":16,"3":0,"4":16,"5":14,"6":12,"7":11,"8":10,"9":20,"10":20,"11":0,"12":20,"13":2,"14":18,"15":0,"16":18,"17":18,"18":1,"19":17,"20":1,"21":16,"22":2,"23":14,"24":3,"25":0,"26":3,"27":2,"28":12,"29":0,"30":0,"31":0,"32":0,"33":12,"34":3,"35":2,"36":10,"37":0,"38":0,"39":10,"40":2,"41":9,"42":0,"43":9,"44":1,"45":1,"46":8,"47":0,"48":16,"49":16,"50":1,"51":15,"52":1,"53":14,"54":10,"55":1,"56":10,"57":4,"58":2,"59":2,"60":0,"61":12,"62":10,"63":2,"64":0,"65":2,"66":1,"67":1,"68":0,"69":11,"70":9,"71":2,"72":2,"73":0,"74":2,"75":5,"76":1,"77":10,"78":1,"79":9,"80":1,"81":8,"82":1,"83":7,"84":0,"85":7,"86":8,"87":7,"88":7,"89":1,"90":2,"91":1,"92":6,"93":6,"94":2,"95":0,"96":2,"97":0,"98":2,"99":0,"100":2,"101":0,"102":2,"103":1,"104":1},"f":{"0":16,"1":20,"2":16,"3":14,"4":12,"5":11,"6":5,"7":10,"8":8,"9":2,"10":6,"11":2},"b":{"0":[0,16],"1":[16,16],"2":[10,10],"3":[0],"4":[14],"5":[0,20],"6":[20,20],"7":[2,18],"8":[20,18],"9":[0,18],"10":[18,0],"11":[18,0],"12":[1,17],"13":[18,17],"14":[1,16],"15":[17,17],"16":[2,14],"17":[3,11],"18":[0,3],"19":[3,3],"20":[2,1],"21":[3,2],"22":[0,12],"23":[0,0],"24":[0,0],"25":[0,0],"26":[3,9],"27":[2,1],"28":[3,3,3,2],"29":[0,10],"30":[0,0],"31":[0,0],"32":[2,8],"33":[0,9],"34":[9,1],"35":[1,8],"36":[9,1],"37":[1,0],"38":[0,8],"39":[8,0],"40":[1,15],"41":[1,14],"42":[10,4],"43":[1,9],"44":[2,2],"45":[0,2],"46":[10,2],"47":[0,2],"48":[2,2],"49":[1,1],"50":[0,1],"51":[9,2],"52":[0,2],"53":[1,4],"54":[1,9],"55":[1,8],"56":[1,7],"57":[0,7],"58":[1,6],"59":[0,2],"60":[0,2],"61":[2,2],"62":[0,2],"63":[2,2],"64":[0,2],"65":[2,2],"66":[1,1]},"_coverageSchema":"1a1c01bbd47fc00a2c39e90264f33305004495a9","hash":"e6c391ab31635421a889b15897637bacfa9e2ab0"}
}
