TN:
SF:src/core/candleManager.js
FN:34,(anonymous_0)
FN:47,(anonymous_1)
FN:58,(anonymous_2)
FN:78,(anonymous_3)
FN:82,(anonymous_4)
FN:132,(anonymous_5)
FN:148,(anonymous_6)
FN:158,(anonymous_7)
FN:160,(anonymous_8)
FN:169,(anonymous_9)
FN:170,(anonymous_10)
FN:181,(anonymous_11)
FN:199,(anonymous_12)
FN:211,(anonymous_13)
FN:232,(anonymous_14)
FNF:15
FNH:15
FNDA:39,(anonymous_0)
FNDA:44,(anonymous_1)
FNDA:43,(anonymous_2)
FNDA:89,(anonymous_3)
FNDA:89,(anonymous_4)
FNDA:13,(anonymous_5)
FNDA:20,(anonymous_6)
FNDA:2,(anonymous_7)
FNDA:4,(anonymous_8)
FNDA:3,(anonymous_9)
FNDA:3,(anonymous_10)
FNDA:49,(anonymous_11)
FNDA:40,(anonymous_12)
FNDA:19,(anonymous_13)
FNDA:274,(anonymous_14)
DA:16,2
DA:35,39
DA:36,39
DA:37,39
DA:40,39
DA:47,39
DA:48,44
DA:49,1
DA:50,1
DA:52,43
DA:57,39
DA:58,39
DA:59,43
DA:79,89
DA:80,89
DA:82,89
DA:83,89
DA:84,89
DA:87,89
DA:88,89
DA:90,89
DA:92,30
DA:99,59
DA:101,19
DA:102,19
DA:105,19
DA:108,19
DA:117,40
DA:120,89
DA:123,89
DA:133,13
DA:134,13
DA:135,1
DA:136,1
DA:139,12
DA:140,12
DA:149,20
DA:150,20
DA:151,19
DA:159,2
DA:160,2
DA:161,4
DA:163,2
DA:170,3
DA:171,3
DA:172,3
DA:182,49
DA:200,40
DA:201,40
DA:202,40
DA:203,40
DA:204,40
DA:205,40
DA:212,19
DA:213,19
DA:214,19
DA:215,19
DA:218,19
DA:221,19
DA:222,1
DA:225,19
DA:226,19
DA:233,274
DA:237,2
LF:64
LH:64
BRDA:34,0,0,0
BRDA:35,1,0,39
BRDA:35,1,1,0
BRDA:36,2,0,39
BRDA:36,2,1,3
BRDA:37,3,0,39
BRDA:37,3,1,37
BRDA:40,4,0,38
BRDA:40,4,1,1
BRDA:41,5,0,38
BRDA:41,5,1,0
BRDA:48,6,0,1
BRDA:48,6,1,43
BRDA:78,7,0,0
BRDA:90,8,0,30
BRDA:90,8,1,59
BRDA:99,9,0,19
BRDA:99,9,1,40
BRDA:105,10,0,2
BRDA:105,10,1,17
BRDA:134,11,0,1
BRDA:134,11,1,12
BRDA:140,12,0,1
BRDA:140,12,1,11
BRDA:150,13,0,1
BRDA:150,13,1,19
BRDA:151,14,0,16
BRDA:151,14,1,3
BRDA:201,15,0,15
BRDA:201,15,1,25
BRDA:202,16,0,13
BRDA:202,16,1,27
BRDA:221,17,0,1
BRDA:221,17,1,18
BRF:34
BRH:30
end_of_record
TN:
SF:src/core/marketClock.js
FN:37,(anonymous_0)
FN:69,(anonymous_1)
FN:80,(anonymous_2)
FN:88,(anonymous_3)
FN:100,(anonymous_4)
FN:110,(anonymous_5)
FN:140,(anonymous_6)
FN:164,(anonymous_7)
FN:197,(anonymous_8)
FN:220,(anonymous_9)
FN:234,(anonymous_10)
FN:234,(anonymous_11)
FN:255,(anonymous_12)
FN:276,(anonymous_13)
FNF:14
FNH:13
FNDA:39,(anonymous_0)
FNDA:11,(anonymous_1)
FNDA:0,(anonymous_2)
FNDA:11,(anonymous_3)
FNDA:9,(anonymous_4)
FNDA:8,(anonymous_5)
FNDA:3,(anonymous_6)
FNDA:8,(anonymous_7)
FNDA:8,(anonymous_8)
FNDA:13,(anonymous_9)
FNDA:39,(anonymous_10)
FNDA:117,(anonymous_11)
FNDA:5,(anonymous_12)
FNDA:27,(anonymous_13)
DA:18,2
DA:38,39
DA:39,39
DA:40,39
DA:41,39
DA:44,39
DA:45,39
DA:48,39
DA:49,2
DA:55,37
DA:56,27
DA:59,21
DA:60,1
DA:71,11
DA:72,3
DA:73,3
DA:77,8
DA:80,8
DA:81,0
DA:89,11
DA:90,7
DA:91,7
DA:93,11
DA:102,9
DA:103,4
DA:111,8
DA:112,3
DA:121,5
DA:122,5
DA:124,5
DA:141,3
DA:143,2
DA:144,2
DA:145,2
DA:148,2
DA:151,2
DA:153,2
DA:154,2
DA:155,2
DA:165,8
DA:166,8
DA:167,8
DA:169,8
DA:172,8
DA:173,0
DA:174,0
DA:181,8
DA:182,0
DA:183,0
DA:198,8
DA:201,8
DA:204,8
DA:205,8
DA:206,8
DA:208,8
DA:209,8
DA:210,8
DA:212,8
DA:221,13
DA:222,13
DA:225,13
DA:233,13
DA:234,117
DA:236,13
DA:237,13
DA:238,13
DA:241,13
DA:242,13
DA:244,13
DA:256,5
DA:258,5
DA:259,0
DA:262,5
DA:263,5
DA:264,5
DA:265,5
DA:266,5
DA:268,5
DA:269,0
DA:270,0
DA:277,27
DA:278,3
DA:285,24
DA:286,24
DA:287,2
DA:294,22
DA:295,22
DA:297,1
DA:305,2
LF:89
LH:81
BRDA:37,0,0,0
BRDA:38,1,0,39
BRDA:38,1,1,0
BRDA:39,2,0,39
BRDA:39,2,1,12
BRDA:40,3,0,39
BRDA:40,3,1,37
BRDA:41,4,0,39
BRDA:41,4,1,38
BRDA:48,5,0,2
BRDA:48,5,1,37
BRDA:48,6,0,39
BRDA:48,6,1,29
BRDA:55,7,0,27
BRDA:55,7,1,10
BRDA:59,8,0,1
BRDA:59,8,1,20
BRDA:71,9,0,3
BRDA:71,9,1,8
BRDA:89,10,0,7
BRDA:89,10,1,4
BRDA:102,11,0,5
BRDA:102,11,1,4
BRDA:111,12,0,3
BRDA:111,12,1,5
BRDA:141,13,0,1
BRDA:141,13,1,2
BRDA:154,14,0,2
BRDA:154,14,1,0
BRDA:172,15,0,0
BRDA:172,15,1,8
BRDA:172,16,0,8
BRDA:172,16,1,8
BRDA:173,17,0,0
BRDA:173,17,1,0
BRDA:181,18,0,0
BRDA:181,18,1,8
BRDA:181,19,0,8
BRDA:181,19,1,0
BRDA:182,20,0,0
BRDA:182,20,1,0
BRDA:201,21,0,0
BRDA:201,21,1,8
BRDA:212,22,0,8
BRDA:212,22,1,0
BRDA:221,23,0,13
BRDA:221,23,1,0
BRDA:242,24,0,13
BRDA:242,24,1,0
BRDA:258,25,0,0
BRDA:258,25,1,5
BRDA:268,26,0,5
BRDA:268,26,1,0
BRDA:269,27,0,0
BRDA:269,27,1,0
BRDA:277,28,0,3
BRDA:277,28,1,24
BRDA:277,29,0,27
BRDA:277,29,1,26
BRDA:277,29,2,25
BRDA:286,30,0,2
BRDA:286,30,1,22
BRDA:286,31,0,24
BRDA:286,31,1,23
BRF:64
BRH:46
end_of_record
TN:
SF:src/core/orderBook.js
FN:26,(anonymous_0)
FN:44,(anonymous_1)
FN:66,(anonymous_2)
FN:90,(anonymous_3)
FN:105,(anonymous_4)
FN:136,(anonymous_5)
FN:139,(anonymous_6)
FN:164,(anonymous_7)
FN:179,(anonymous_8)
FNF:9
FNH:9
FNDA:29,(anonymous_0)
FNDA:125,(anonymous_1)
FNDA:74,(anonymous_2)
FNDA:6,(anonymous_3)
FNDA:250,(anonymous_4)
FNDA:146,(anonymous_5)
FNDA:1460,(anonymous_6)
FNDA:2490,(anonymous_7)
FNDA:4544,(anonymous_8)
DA:27,29
DA:28,29
DA:29,29
DA:30,29
DA:31,29
DA:35,29
DA:36,29
DA:45,125
DA:48,125
DA:49,125
DA:51,125
DA:52,125
DA:54,125
DA:55,125
DA:57,125
DA:68,74
DA:69,1
DA:72,73
DA:73,73
DA:74,73
DA:78,73
DA:79,73
DA:81,73
DA:82,73
DA:84,73
DA:91,6
DA:106,250
DA:107,250
DA:109,250
DA:111,2490
DA:117,2490
DA:119,2490
DA:127,250
DA:137,146
DA:139,146
DA:140,1460
DA:145,1460
DA:146,1460
DA:147,1460
DA:148,1460
DA:150,1460
DA:165,2490
DA:169,2490
DA:170,2490
DA:171,2490
DA:173,2490
DA:180,4544
DA:184,1
LF:48
LH:48
BRDA:26,0,0,0
BRDA:27,1,0,29
BRDA:27,1,1,0
BRDA:28,2,0,29
BRDA:28,2,1,0
BRDA:29,3,0,29
BRDA:29,3,1,0
BRDA:30,4,0,29
BRDA:30,4,1,0
BRDA:31,5,0,29
BRDA:31,5,1,0
BRDA:68,6,0,1
BRDA:68,6,1,73
BRDA:68,7,0,74
BRDA:68,7,1,73
BRDA:111,8,0,1245
BRDA:111,8,1,1245
BRDA:140,9,0,730
BRDA:140,9,1,730
BRF:19
BRH:13
end_of_record
TN:
SF:src/core/priceEngine.js
FN:24,(anonymous_0)
FN:49,(anonymous_1)
FN:122,(anonymous_2)
FN:132,(anonymous_3)
FN:145,(anonymous_4)
FN:163,(anonymous_5)
FN:175,(anonymous_6)
FN:187,(anonymous_7)
FNF:8
FNH:8
FNDA:29,(anonymous_0)
FNDA:1006,(anonymous_1)
FNDA:3,(anonymous_2)
FNDA:5,(anonymous_3)
FNDA:3,(anonymous_4)
FNDA:1006,(anonymous_5)
FNDA:1006,(anonymous_6)
FNDA:8048,(anonymous_7)
DA:25,29
DA:26,29
DA:27,29
DA:28,29
DA:29,29
DA:32,29
DA:33,29
DA:36,29
DA:37,29
DA:38,29
DA:39,29
DA:40,29
DA:41,29
DA:42,29
DA:50,1006
DA:55,1006
DA:58,1006
DA:62,1006
DA:63,1006
DA:66,1006
DA:69,1006
DA:72,1006
DA:75,1006
DA:77,1006
DA:78,1006
DA:82,1006
DA:83,1006
DA:84,1006
DA:87,1006
DA:88,1006
DA:91,1006
DA:92,1006
DA:97,1006
DA:98,1006
DA:99,1006
DA:100,1006
DA:102,1006
DA:123,3
DA:124,3
DA:125,3
DA:126,3
DA:133,5
DA:134,5
DA:135,5
DA:136,5
DA:137,5
DA:138,5
DA:139,5
DA:146,3
DA:164,1006
DA:165,1006
DA:166,1006
DA:167,1006
DA:168,1006
DA:176,1006
DA:177,1006
DA:179,1006
DA:180,1006
DA:181,1006
DA:188,8048
DA:192,1
LF:61
LH:61
BRDA:26,0,0,29
BRDA:26,0,1,0
BRDA:27,1,0,29
BRDA:27,1,1,29
BRDA:28,2,0,29
BRDA:28,2,1,0
BRDA:29,3,0,29
BRDA:29,3,1,0
BRDA:32,4,0,29
BRDA:32,4,1,28
BRDA:33,5,0,29
BRDA:33,5,1,28
BRDA:87,6,0,131
BRDA:87,6,1,875
BRDA:88,7,0,81
BRDA:88,7,1,925
BRF:16
BRH:13
end_of_record
TN:
SF:src/utils/validate.js
FN:19,validateConfig
FN:41,validatePair
FN:168,_validateType
FN:187,_validateMarketHours
FN:217,_validateInterval
FN:242,_validateCandleIntervals
FN:255,(anonymous_6)
FN:265,_validatePairs
FN:294,(anonymous_8)
FN:297,(anonymous_9)
FN:305,(anonymous_10)
FN:308,_validateVolumeConfig
FNF:12
FNH:12
FNDA:16,validateConfig
FNDA:20,validatePair
FNDA:16,_validateType
FNDA:14,_validateMarketHours
FNDA:12,_validateInterval
FNDA:11,_validateCandleIntervals
FNDA:5,(anonymous_6)
FNDA:10,_validatePairs
FNDA:8,(anonymous_8)
FNDA:2,(anonymous_9)
FNDA:6,(anonymous_10)
FNDA:2,_validateVolumeConfig
DA:11,1
DA:12,1
DA:20,16
DA:21,0
DA:28,16
DA:29,14
DA:30,12
DA:31,11
DA:32,10
DA:42,20
DA:44,20
DA:45,0
DA:49,20
DA:50,2
DA:56,18
DA:57,0
DA:61,18
DA:62,18
DA:63,1
DA:70,17
DA:71,1
DA:76,16
DA:77,2
DA:85,14
DA:86,3
DA:87,0
DA:91,3
DA:92,2
DA:100,12
DA:101,0
DA:102,0
DA:104,0
DA:105,0
DA:113,12
DA:114,3
DA:120,2
DA:128,10
DA:129,0
DA:130,0
DA:138,10
DA:139,2
DA:143,9
DA:144,0
DA:149,9
DA:150,1
DA:151,1
DA:158,8
DA:159,0
DA:169,16
DA:171,16
DA:172,1
DA:179,15
DA:180,1
DA:189,14
DA:190,10
DA:191,1
DA:196,10
DA:200,4
DA:201,2
DA:212,2
DA:213,0
DA:218,12
DA:220,2
DA:221,0
DA:227,2
DA:228,1
DA:234,1
DA:235,0
DA:243,11
DA:245,2
DA:247,2
DA:248,0
DA:255,2
DA:256,5
DA:257,1
DA:266,10
DA:267,1
DA:276,9
DA:277,1
DA:280,8
DA:281,1
DA:286,7
DA:287,0
DA:294,8
DA:295,7
DA:296,7
DA:297,2
DA:298,1
DA:305,6
DA:309,2
DA:310,0
DA:316,2
DA:317,0
DA:323,2
DA:324,0
DA:330,2
DA:331,0
DA:336,2
DA:337,1
DA:344,1
LF:100
LH:79
BRDA:20,0,0,0
BRDA:20,0,1,16
BRDA:20,1,0,16
BRDA:20,1,1,16
BRDA:32,2,0,10
BRDA:32,2,1,10
BRDA:41,3,0,0
BRDA:41,4,0,14
BRDA:44,5,0,0
BRDA:44,5,1,20
BRDA:44,6,0,20
BRDA:44,6,1,20
BRDA:49,7,0,2
BRDA:49,7,1,18
BRDA:49,8,0,20
BRDA:49,8,1,18
BRDA:56,9,0,0
BRDA:56,9,1,18
BRDA:61,10,0,18
BRDA:61,10,1,0
BRDA:61,11,0,18
BRDA:61,11,1,0
BRDA:62,12,0,1
BRDA:62,12,1,17
BRDA:62,13,0,18
BRDA:62,13,1,17
BRDA:70,14,0,1
BRDA:70,14,1,16
BRDA:70,15,0,17
BRDA:70,15,1,17
BRDA:76,16,0,2
BRDA:76,16,1,14
BRDA:85,17,0,3
BRDA:85,17,1,11
BRDA:86,18,0,0
BRDA:86,18,1,3
BRDA:86,19,0,3
BRDA:86,19,1,3
BRDA:91,20,0,2
BRDA:91,20,1,1
BRDA:91,21,0,3
BRDA:91,21,1,2
BRDA:100,22,0,0
BRDA:100,22,1,12
BRDA:101,23,0,0
BRDA:101,23,1,0
BRDA:101,24,0,0
BRDA:101,24,1,0
BRDA:104,25,0,0
BRDA:104,25,1,0
BRDA:113,26,0,3
BRDA:113,26,1,9
BRDA:114,27,0,2
BRDA:114,27,1,1
BRDA:115,28,0,3
BRDA:115,28,1,3
BRDA:115,28,2,3
BRDA:115,28,3,2
BRDA:128,29,0,0
BRDA:128,29,1,10
BRDA:129,30,0,0
BRDA:129,30,1,0
BRDA:129,31,0,0
BRDA:129,31,1,0
BRDA:138,32,0,2
BRDA:138,32,1,8
BRDA:143,33,0,0
BRDA:143,33,1,9
BRDA:143,34,0,9
BRDA:143,34,1,1
BRDA:149,35,0,1
BRDA:149,35,1,8
BRDA:149,36,0,9
BRDA:149,36,1,1
BRDA:150,37,0,1
BRDA:150,37,1,0
BRDA:158,38,0,0
BRDA:158,38,1,8
BRDA:158,39,0,8
BRDA:158,39,1,0
BRDA:171,40,0,1
BRDA:171,40,1,15
BRDA:179,41,0,1
BRDA:179,41,1,14
BRDA:189,42,0,10
BRDA:189,42,1,4
BRDA:190,43,0,1
BRDA:190,43,1,9
BRDA:200,44,0,2
BRDA:200,44,1,2
BRDA:212,45,0,0
BRDA:212,45,1,2
BRDA:218,46,0,10
BRDA:218,46,1,2
BRDA:220,47,0,0
BRDA:220,47,1,2
BRDA:220,48,0,2
BRDA:220,48,1,2
BRDA:227,49,0,1
BRDA:227,49,1,1
BRDA:234,50,0,0
BRDA:234,50,1,1
BRDA:243,51,0,9
BRDA:243,51,1,2
BRDA:247,52,0,0
BRDA:247,52,1,2
BRDA:256,53,0,1
BRDA:256,53,1,4
BRDA:266,54,0,1
BRDA:266,54,1,9
BRDA:276,55,0,1
BRDA:276,55,1,8
BRDA:280,56,0,1
BRDA:280,56,1,7
BRDA:286,57,0,0
BRDA:286,57,1,7
BRDA:296,58,0,1
BRDA:296,58,1,6
BRDA:309,59,0,0
BRDA:309,59,1,2
BRDA:316,60,0,0
BRDA:316,60,1,2
BRDA:316,61,0,2
BRDA:316,61,1,2
BRDA:323,62,0,0
BRDA:323,62,1,2
BRDA:323,63,0,2
BRDA:323,63,1,2
BRDA:330,64,0,0
BRDA:330,64,1,2
BRDA:330,65,0,2
BRDA:330,65,1,2
BRDA:336,66,0,1
BRDA:336,66,1,1
BRF:134
BRH:102
end_of_record
